<?xml version="1.0" encoding="UTF-8"?>
<TestRun id="1c95db65-e819-4bc6-b004-9e1b76bc0e90" name="xulei@XULEI-PC 2012-05-18 17:05:20" runUser="xulei-PC\xulei" xmlns="http://microsoft.com/schemas/VisualStudio/TeamTest/2010">
  <TestSettings name="本地" id="1ff404fe-f118-486d-b728-2179d9e1be88">
    <Description>这些设置为本地测试运行的默认测试设置。</Description>
    <Deployment enabled="false" runDeploymentRoot="xulei_XULEI-PC 2012-05-18 17_05_20">
      <DeploymentItem filename="C:\Users\xulei\Desktop\TicketBookWebSite\DAL\bin\Debug\DAL.dll" />
      <DeploymentItem filename="C:\Users\xulei\Desktop\TicketBookWebSite\Castle.Core.dll" />
      <DeploymentItem filename="C:\Users\xulei\Desktop\TicketBookWebSite\castle.dynamicproxy2.dll" />
      <DeploymentItem filename="C:\Users\xulei\Desktop\TicketBookWebSite\NHibernate.dll" />
      <DeploymentItem filename="C:\Users\xulei\Desktop\TicketBookWebSite\NHibernate.ByteCode.Castle.dll" />
      <DeploymentItem filename="C:\Users\xulei\Desktop\TicketBookWebSite\Iesi.Collections.dll" />
    </Deployment>
    <Execution>
      <TestTypeSpecific />
      <AgentRule name="Execution Agents">
      </AgentRule>
    </Execution>
  </TestSettings>
  <Times creation="2012-05-18T17:05:20.3268478+08:00" queuing="2012-05-18T17:05:21.3709075+08:00" start="2012-05-18T17:05:21.5309167+08:00" finish="2012-05-18T17:05:27.6982694+08:00" />
  <ResultSummary outcome="Failed">
    <Counters total="1" executed="1" error="0" failed="1" timeout="0" aborted="0" inconclusive="0" passedButRunAborted="0" notRunnable="0" notExecuted="0" disconnected="0" warning="0" passed="0" completed="0" inProgress="0" pending="0" />
  </ResultSummary>
  <TestDefinitions>
    <UnitTest name="ValidateUserTest" storage="c:\users\xulei\desktop\ticketbookwebsite\ticketbooktest\bin\debug\ticketbooktest.dll" id="3cbd35f7-7dc5-e0f4-ae17-6e1cb060f3ae">
      <Execution id="56133f50-531f-46be-986c-a40736af1db5" />
      <TestMethod codeBase="C:/Users/xulei/Desktop/TicketBookWebSite/ticketBookTest/bin/Debug/ticketBookTest.DLL" adapterTypeName="Microsoft.VisualStudio.TestTools.TestTypes.Unit.UnitTestAdapter, Microsoft.VisualStudio.QualityTools.Tips.UnitTest.Adapter, Version=10.0.0.0, Culture=neutral, PublicKeyToken=b03f5f7f11d50a3a" className="ticketBookTest.UserSessionTest, ticketBookTest, Version=1.0.0.0, Culture=neutral, PublicKeyToken=null" name="ValidateUserTest" />
    </UnitTest>
  </TestDefinitions>
  <TestLists>
    <TestList name="列表中未列出的结果" id="8c84fa94-04c1-424b-9868-57a2d4851a1d" />
    <TestList name="所有已加载的结果" id="19431567-8539-422a-85d7-44ee4e166bda" />
  </TestLists>
  <TestEntries>
    <TestEntry testId="3cbd35f7-7dc5-e0f4-ae17-6e1cb060f3ae" executionId="56133f50-531f-46be-986c-a40736af1db5" testListId="8c84fa94-04c1-424b-9868-57a2d4851a1d" />
  </TestEntries>
  <Results>
    <UnitTestResult executionId="56133f50-531f-46be-986c-a40736af1db5" testId="3cbd35f7-7dc5-e0f4-ae17-6e1cb060f3ae" testName="ValidateUserTest" computerName="XULEI-PC" duration="00:00:05.1095503" startTime="2012-05-18T17:05:21.6729248+08:00" endTime="2012-05-18T17:05:27.5812627+08:00" testType="13cdc9d9-ddb5-4fa4-a97d-d965ccfc6d4b" outcome="Failed" testListId="8c84fa94-04c1-424b-9868-57a2d4851a1d" relativeResultsDirectory="56133f50-531f-46be-986c-a40736af1db5">
      <Output>
        <StdErr>line 1:29 no viable alternative at character '{'
line 1:31 no viable alternative at character '}'
line 1:46 no viable alternative at character '{'
line 1:48 no viable alternative at character '}'</StdErr>
        <ErrorInfo>
          <Message>测试方法 ticketBookTest.UserSessionTest.ValidateUserTest 引发了异常: 
System.ArgumentException: No positional parameters in query: from UserInfo where username={0} and password={1}</Message>
          <StackTrace>    在 NHibernate.Impl.AbstractQueryImpl.CheckPositionalParameter(Int32 position)
   在 NHibernate.Impl.AbstractQueryImpl.SetParameter[T](Int32 position, T val)
   在 DAL.Handle.UserSession.ValidateUser(String username, String password) 位置 C:\Users\xulei\Desktop\TicketBookWebSite\DAL\Handle\UserSession.cs:行号 25
   在 ticketBookTest.UserSessionTest.ValidateUserTest() 位置 C:\Users\xulei\Desktop\TicketBookWebSite\ticketBookTest\UserSessionTest.cs:行号 78
</StackTrace>
        </ErrorInfo>
      </Output>
    </UnitTestResult>
  </Results>
</TestRun>