<?xml version="1.0" encoding="UTF-8"?>
<TestRun id="22255298-3a6e-403e-9e25-f0a97001245c" name="xulei@XULEI-PC 2012-05-18 19:56:47" runUser="xulei-PC\xulei" xmlns="http://microsoft.com/schemas/VisualStudio/TeamTest/2010">
  <TestSettings name="本地" id="1ff404fe-f118-486d-b728-2179d9e1be88">
    <Description>这些设置为本地测试运行的默认测试设置。</Description>
    <Deployment enabled="false" runDeploymentRoot="xulei_XULEI-PC 2012-05-18 19_56_47">
      <DeploymentItem filename="C:\Users\xulei\Desktop\TicketBookWebSite\DAL\bin\Debug\DAL.dll" />
      <DeploymentItem filename="C:\Users\xulei\Desktop\TicketBookWebSite\Castle.Core.dll" />
      <DeploymentItem filename="C:\Users\xulei\Desktop\TicketBookWebSite\castle.dynamicproxy2.dll" />
      <DeploymentItem filename="C:\Users\xulei\Desktop\TicketBookWebSite\NHibernate.dll" />
      <DeploymentItem filename="C:\Users\xulei\Desktop\TicketBookWebSite\NHibernate.ByteCode.Castle.dll" />
      <DeploymentItem filename="C:\Users\xulei\Desktop\TicketBookWebSite\Iesi.Collections.dll" />
    </Deployment>
    <Execution>
      <TestTypeSpecific />
      <AgentRule name="Execution Agents">
      </AgentRule>
    </Execution>
  </TestSettings>
  <Times creation="2012-05-18T19:56:47.8932629+08:00" queuing="2012-05-18T19:56:57.5998181+08:00" start="2012-05-18T19:56:57.7808285+08:00" finish="2012-05-18T19:57:49.3817799+08:00" />
  <ResultSummary outcome="Error">
    <Counters total="3" executed="2" passed="1" error="0" failed="0" timeout="0" aborted="1" inconclusive="0" passedButRunAborted="0" notRunnable="0" notExecuted="1" disconnected="0" warning="0" completed="0" inProgress="0" pending="0" />
    <RunInfos>
      <RunInfo computerName="XULEI-PC" outcome="Error" timestamp="2012-05-18T19:57:49.3567784+08:00">
        <Text>测试宿主进程意外退出。</Text>
      </RunInfo>
    </RunInfos>
  </ResultSummary>
  <TestDefinitions>
    <UnitTest name="changePasswordTest" storage="c:\users\xulei\desktop\ticketbookwebsite\ticketbooktest\bin\debug\ticketbooktest.dll" id="5ec55872-1f8e-7b8d-b15c-1dc76c5edf4b">
      <Execution id="dd25e9c0-5652-4f29-9a6d-4f859612ae7f" />
      <TestMethod codeBase="C:/Users/xulei/Desktop/TicketBookWebSite/ticketBookTest/bin/Debug/ticketBookTest.DLL" adapterTypeName="Microsoft.VisualStudio.TestTools.TestTypes.Unit.UnitTestAdapter, Microsoft.VisualStudio.QualityTools.Tips.UnitTest.Adapter, Version=10.0.0.0, Culture=neutral, PublicKeyToken=b03f5f7f11d50a3a" className="ticketBookTest.UserSessionTest, ticketBookTest, Version=1.0.0.0, Culture=neutral, PublicKeyToken=null" name="changePasswordTest" />
    </UnitTest>
    <UnitTest name="ValidateUserTest" storage="c:\users\xulei\desktop\ticketbookwebsite\ticketbooktest\bin\debug\ticketbooktest.dll" id="3cbd35f7-7dc5-e0f4-ae17-6e1cb060f3ae">
      <Execution id="cf82a82e-35bb-4390-ac7b-6888954f827a" />
      <TestMethod codeBase="C:/Users/xulei/Desktop/TicketBookWebSite/ticketBookTest/bin/Debug/ticketBookTest.DLL" adapterTypeName="Microsoft.VisualStudio.TestTools.TestTypes.Unit.UnitTestAdapter, Microsoft.VisualStudio.QualityTools.Tips.UnitTest.Adapter, Version=10.0.0.0, Culture=neutral, PublicKeyToken=b03f5f7f11d50a3a" className="ticketBookTest.UserSessionTest, ticketBookTest, Version=1.0.0.0, Culture=neutral, PublicKeyToken=null" name="ValidateUserTest" />
    </UnitTest>
    <UnitTest name="getTicketByIDTest" storage="c:\users\xulei\desktop\ticketbookwebsite\ticketbooktest\bin\debug\ticketbooktest.dll" id="18ae8939-e637-6c1f-550f-fa6650834d96">
      <Execution id="cc37db36-1b46-4218-ad1b-600d40c75c7a" />
      <TestMethod codeBase="C:/Users/xulei/Desktop/TicketBookWebSite/ticketBookTest/bin/Debug/ticketBookTest.DLL" adapterTypeName="Microsoft.VisualStudio.TestTools.TestTypes.Unit.UnitTestAdapter, Microsoft.VisualStudio.QualityTools.Tips.UnitTest.Adapter, Version=10.0.0.0, Culture=neutral, PublicKeyToken=b03f5f7f11d50a3a" className="ticketBookTest.ticketSessionTest, ticketBookTest, Version=1.0.0.0, Culture=neutral, PublicKeyToken=null" name="getTicketByIDTest" />
    </UnitTest>
  </TestDefinitions>
  <TestLists>
    <TestList name="列表中未列出的结果" id="8c84fa94-04c1-424b-9868-57a2d4851a1d" />
    <TestList name="所有已加载的结果" id="19431567-8539-422a-85d7-44ee4e166bda" />
  </TestLists>
  <TestEntries>
    <TestEntry testId="18ae8939-e637-6c1f-550f-fa6650834d96" executionId="cc37db36-1b46-4218-ad1b-600d40c75c7a" testListId="8c84fa94-04c1-424b-9868-57a2d4851a1d" />
    <TestEntry testId="3cbd35f7-7dc5-e0f4-ae17-6e1cb060f3ae" executionId="cf82a82e-35bb-4390-ac7b-6888954f827a" testListId="8c84fa94-04c1-424b-9868-57a2d4851a1d" />
    <TestEntry testId="5ec55872-1f8e-7b8d-b15c-1dc76c5edf4b" executionId="dd25e9c0-5652-4f29-9a6d-4f859612ae7f" testListId="8c84fa94-04c1-424b-9868-57a2d4851a1d" />
  </TestEntries>
  <Results>
    <UnitTestResult executionId="cc37db36-1b46-4218-ad1b-600d40c75c7a" testId="18ae8939-e637-6c1f-550f-fa6650834d96" testName="getTicketByIDTest" computerName="XULEI-PC" duration="00:00:03.8436135" startTime="2012-05-18T19:56:57.9128360+08:00" endTime="2012-05-18T19:57:03.0631306+08:00" testType="13cdc9d9-ddb5-4fa4-a97d-d965ccfc6d4b" outcome="Passed" testListId="8c84fa94-04c1-424b-9868-57a2d4851a1d" relativeResultsDirectory="cc37db36-1b46-4218-ad1b-600d40c75c7a">
    </UnitTestResult>
    <UnitTestResult executionId="cf82a82e-35bb-4390-ac7b-6888954f827a" testId="3cbd35f7-7dc5-e0f4-ae17-6e1cb060f3ae" testName="ValidateUserTest" computerName="XULEI-PC" duration="00:00:46.2846473" startTime="2012-05-18T19:57:03.0751313+08:00" endTime="2012-05-18T19:57:49.3597786+08:00" testType="13cdc9d9-ddb5-4fa4-a97d-d965ccfc6d4b" outcome="Aborted" testListId="8c84fa94-04c1-424b-9868-57a2d4851a1d" relativeResultsDirectory="cf82a82e-35bb-4390-ac7b-6888954f827a">
    </UnitTestResult>
    <UnitTestResult executionId="dd25e9c0-5652-4f29-9a6d-4f859612ae7f" testId="5ec55872-1f8e-7b8d-b15c-1dc76c5edf4b" testName="changePasswordTest" computerName="XULEI-PC" testType="13cdc9d9-ddb5-4fa4-a97d-d965ccfc6d4b" outcome="NotExecuted" testListId="8c84fa94-04c1-424b-9868-57a2d4851a1d" relativeResultsDirectory="dd25e9c0-5652-4f29-9a6d-4f859612ae7f">
    </UnitTestResult>
  </Results>
</TestRun>