<?xml version="1.0" encoding="UTF-8"?>
<TestRun id="c0fa4bb1-bf40-4a3b-813b-56a3fad22630" name="yaowen@YAOWEN-PC 2012-06-14 14:25:19" runUser="yaowen-PC\yaowen" xmlns="http://microsoft.com/schemas/VisualStudio/TeamTest/2010">
  <TestSettings name="本地" id="1ff404fe-f118-486d-b728-2179d9e1be88">
    <Description>这些设置为本地测试运行的默认测试设置。</Description>
    <Deployment enabled="false" runDeploymentRoot="yaowen_YAOWEN-PC 2012-06-14 14_25_19">
      <DeploymentItem filename="C:\Users\yaowen\Desktop\新建文件夹 (2)\TicketBookWebSite4\NHibernate.ByteCode.Castle.dll" />
      <DeploymentItem filename="C:\Users\yaowen\Desktop\新建文件夹 (2)\TicketBookWebSite4\DAL\bin\Debug\DAL.dll" />
      <DeploymentItem filename="C:\Users\yaowen\Desktop\新建文件夹 (2)\TicketBookWebSite4\castle.dynamicproxy2.dll" />
      <DeploymentItem filename="C:\Users\yaowen\Desktop\新建文件夹 (2)\TicketBookWebSite4\Iesi.Collections.dll" />
      <DeploymentItem filename="C:\Users\yaowen\Desktop\新建文件夹 (2)\TicketBookWebSite4\Castle.Core.dll" />
      <DeploymentItem filename="C:\Users\yaowen\Desktop\新建文件夹 (2)\TicketBookWebSite4\NHibernate.dll" />
    </Deployment>
    <Execution>
      <TestTypeSpecific />
      <AgentRule name="Execution Agents">
      </AgentRule>
    </Execution>
  </TestSettings>
  <Times creation="2012-06-14T14:25:19.2124747+08:00" queuing="2012-06-14T14:25:21.7566203+08:00" start="2012-06-14T14:25:22.0466369+08:00" finish="2012-06-14T14:25:34.8813710+08:00" />
  <ResultSummary outcome="Failed">
    <Counters total="5" executed="5" passed="2" error="0" failed="3" timeout="0" aborted="0" inconclusive="0" passedButRunAborted="0" notRunnable="0" notExecuted="0" disconnected="0" warning="0" completed="0" inProgress="0" pending="0" />
  </ResultSummary>
  <TestDefinitions>
    <UnitTest name="TestMethod2" storage="c:\users\yaowen\desktop\新建文件夹 (2)\ticketbookwebsite4\ticketbooktest\bin\debug\ticketbooktest.dll" id="826d7414-51d6-560f-0706-77f4dc95073a">
      <Execution id="44559e49-96e8-42b0-9889-7ac8c19896db" />
      <TestMethod codeBase="C:/Users/yaowen/Desktop/新建文件夹 (2)/TicketBookWebSite4/ticketBookTest/bin/Debug/ticketBookTest.DLL" adapterTypeName="Microsoft.VisualStudio.TestTools.TestTypes.Unit.UnitTestAdapter, Microsoft.VisualStudio.QualityTools.Tips.UnitTest.Adapter, Version=10.0.0.0, Culture=neutral, PublicKeyToken=b03f5f7f11d50a3a" className="ticketBookTest.UnitTest1, ticketBookTest, Version=1.0.0.0, Culture=neutral, PublicKeyToken=null" name="TestMethod2" />
    </UnitTest>
    <UnitTest name="changePasswordTest" storage="c:\users\yaowen\desktop\新建文件夹 (2)\ticketbookwebsite4\ticketbooktest\bin\debug\ticketbooktest.dll" id="5ec55872-1f8e-7b8d-b15c-1dc76c5edf4b">
      <Execution id="c2827b72-cf9b-4aa3-883f-7d65572342e2" />
      <TestMethod codeBase="C:/Users/yaowen/Desktop/新建文件夹 (2)/TicketBookWebSite4/ticketBookTest/bin/Debug/ticketBookTest.DLL" adapterTypeName="Microsoft.VisualStudio.TestTools.TestTypes.Unit.UnitTestAdapter, Microsoft.VisualStudio.QualityTools.Tips.UnitTest.Adapter, Version=10.0.0.0, Culture=neutral, PublicKeyToken=b03f5f7f11d50a3a" className="ticketBookTest.UserSessionTest, ticketBookTest, Version=1.0.0.0, Culture=neutral, PublicKeyToken=null" name="changePasswordTest" />
    </UnitTest>
    <UnitTest name="TestMethod1" storage="c:\users\yaowen\desktop\新建文件夹 (2)\ticketbookwebsite4\ticketbooktest\bin\debug\ticketbooktest.dll" id="4622fdb6-a043-3a48-7e51-745a41ef2914">
      <Execution id="b09d9802-f0e4-4d52-b2ff-7f42210c14bb" />
      <TestMethod codeBase="C:/Users/yaowen/Desktop/新建文件夹 (2)/TicketBookWebSite4/ticketBookTest/bin/Debug/ticketBookTest.DLL" adapterTypeName="Microsoft.VisualStudio.TestTools.TestTypes.Unit.UnitTestAdapter, Microsoft.VisualStudio.QualityTools.Tips.UnitTest.Adapter, Version=10.0.0.0, Culture=neutral, PublicKeyToken=b03f5f7f11d50a3a" className="ticketBookTest.ticketfinanceText, ticketBookTest, Version=1.0.0.0, Culture=neutral, PublicKeyToken=null" name="TestMethod1" />
    </UnitTest>
    <UnitTest name="ValidateUserTest" storage="c:\users\yaowen\desktop\新建文件夹 (2)\ticketbookwebsite4\ticketbooktest\bin\debug\ticketbooktest.dll" id="3cbd35f7-7dc5-e0f4-ae17-6e1cb060f3ae">
      <Execution id="203155f6-b467-43d6-8ea3-3fd24e5513e1" />
      <TestMethod codeBase="C:/Users/yaowen/Desktop/新建文件夹 (2)/TicketBookWebSite4/ticketBookTest/bin/Debug/ticketBookTest.DLL" adapterTypeName="Microsoft.VisualStudio.TestTools.TestTypes.Unit.UnitTestAdapter, Microsoft.VisualStudio.QualityTools.Tips.UnitTest.Adapter, Version=10.0.0.0, Culture=neutral, PublicKeyToken=b03f5f7f11d50a3a" className="ticketBookTest.UserSessionTest, ticketBookTest, Version=1.0.0.0, Culture=neutral, PublicKeyToken=null" name="ValidateUserTest" />
    </UnitTest>
    <UnitTest name="getTicketByIDTest" storage="c:\users\yaowen\desktop\新建文件夹 (2)\ticketbookwebsite4\ticketbooktest\bin\debug\ticketbooktest.dll" id="18ae8939-e637-6c1f-550f-fa6650834d96">
      <Execution id="8f2010ef-ffa6-4b40-b34e-20312624118c" />
      <TestMethod codeBase="C:/Users/yaowen/Desktop/新建文件夹 (2)/TicketBookWebSite4/ticketBookTest/bin/Debug/ticketBookTest.DLL" adapterTypeName="Microsoft.VisualStudio.TestTools.TestTypes.Unit.UnitTestAdapter, Microsoft.VisualStudio.QualityTools.Tips.UnitTest.Adapter, Version=10.0.0.0, Culture=neutral, PublicKeyToken=b03f5f7f11d50a3a" className="ticketBookTest.ticketSessionTest, ticketBookTest, Version=1.0.0.0, Culture=neutral, PublicKeyToken=null" name="getTicketByIDTest" />
    </UnitTest>
  </TestDefinitions>
  <TestLists>
    <TestList name="列表中未列出的结果" id="8c84fa94-04c1-424b-9868-57a2d4851a1d" />
    <TestList name="所有已加载的结果" id="19431567-8539-422a-85d7-44ee4e166bda" />
  </TestLists>
  <TestEntries>
    <TestEntry testId="18ae8939-e637-6c1f-550f-fa6650834d96" executionId="8f2010ef-ffa6-4b40-b34e-20312624118c" testListId="8c84fa94-04c1-424b-9868-57a2d4851a1d" />
    <TestEntry testId="3cbd35f7-7dc5-e0f4-ae17-6e1cb060f3ae" executionId="203155f6-b467-43d6-8ea3-3fd24e5513e1" testListId="8c84fa94-04c1-424b-9868-57a2d4851a1d" />
    <TestEntry testId="5ec55872-1f8e-7b8d-b15c-1dc76c5edf4b" executionId="c2827b72-cf9b-4aa3-883f-7d65572342e2" testListId="8c84fa94-04c1-424b-9868-57a2d4851a1d" />
    <TestEntry testId="4622fdb6-a043-3a48-7e51-745a41ef2914" executionId="b09d9802-f0e4-4d52-b2ff-7f42210c14bb" testListId="8c84fa94-04c1-424b-9868-57a2d4851a1d" />
    <TestEntry testId="826d7414-51d6-560f-0706-77f4dc95073a" executionId="44559e49-96e8-42b0-9889-7ac8c19896db" testListId="8c84fa94-04c1-424b-9868-57a2d4851a1d" />
  </TestEntries>
  <Results>
    <UnitTestResult executionId="8f2010ef-ffa6-4b40-b34e-20312624118c" testId="18ae8939-e637-6c1f-550f-fa6650834d96" testName="getTicketByIDTest" computerName="YAOWEN-PC" duration="00:00:02.1088474" startTime="2012-06-14T14:25:22.2126463+08:00" endTime="2012-06-14T14:25:25.8628551+08:00" testType="13cdc9d9-ddb5-4fa4-a97d-d965ccfc6d4b" outcome="Passed" testListId="8c84fa94-04c1-424b-9868-57a2d4851a1d" relativeResultsDirectory="8f2010ef-ffa6-4b40-b34e-20312624118c">
    </UnitTestResult>
    <UnitTestResult executionId="203155f6-b467-43d6-8ea3-3fd24e5513e1" testId="3cbd35f7-7dc5-e0f4-ae17-6e1cb060f3ae" testName="ValidateUserTest" computerName="YAOWEN-PC" duration="00:00:00.1760783" startTime="2012-06-14T14:25:25.8828563+08:00" endTime="2012-06-14T14:25:26.0718671+08:00" testType="13cdc9d9-ddb5-4fa4-a97d-d965ccfc6d4b" outcome="Failed" testListId="8c84fa94-04c1-424b-9868-57a2d4851a1d" relativeResultsDirectory="203155f6-b467-43d6-8ea3-3fd24e5513e1">
      <Output>
        <ErrorInfo>
          <Message>Assert.AreEqual 失败。应为: &lt;True&gt;，实际为: &lt;False&gt;。</Message>
          <StackTrace>   在 ticketBookTest.UserSessionTest.ValidateUserTest() 位置 C:\Users\yaowen\Desktop\新建文件夹 (2)\TicketBookWebSite4\ticketBookTest\UserSessionTest.cs:行号 83
</StackTrace>
        </ErrorInfo>
      </Output>
    </UnitTestResult>
    <UnitTestResult executionId="c2827b72-cf9b-4aa3-883f-7d65572342e2" testId="5ec55872-1f8e-7b8d-b15c-1dc76c5edf4b" testName="changePasswordTest" computerName="YAOWEN-PC" duration="00:00:00.0340196" startTime="2012-06-14T14:25:26.0828677+08:00" endTime="2012-06-14T14:25:26.1278703+08:00" testType="13cdc9d9-ddb5-4fa4-a97d-d965ccfc6d4b" outcome="Failed" testListId="8c84fa94-04c1-424b-9868-57a2d4851a1d" relativeResultsDirectory="c2827b72-cf9b-4aa3-883f-7d65572342e2">
      <Output>
        <ErrorInfo>
          <Message>Assert.AreEqual 失败。应为: &lt;True&gt;，实际为: &lt;False&gt;。</Message>
          <StackTrace>   在 ticketBookTest.UserSessionTest.changePasswordTest() 位置 C:\Users\yaowen\Desktop\新建文件夹 (2)\TicketBookWebSite4\ticketBookTest\UserSessionTest.cs:行号 101
</StackTrace>
        </ErrorInfo>
      </Output>
    </UnitTestResult>
    <UnitTestResult executionId="b09d9802-f0e4-4d52-b2ff-7f42210c14bb" testId="4622fdb6-a043-3a48-7e51-745a41ef2914" testName="TestMethod1" computerName="YAOWEN-PC" duration="00:00:00.0083328" startTime="2012-06-14T14:25:26.1538718+08:00" endTime="2012-06-14T14:25:26.1738729+08:00" testType="13cdc9d9-ddb5-4fa4-a97d-d965ccfc6d4b" outcome="Passed" testListId="8c84fa94-04c1-424b-9868-57a2d4851a1d" relativeResultsDirectory="b09d9802-f0e4-4d52-b2ff-7f42210c14bb">
    </UnitTestResult>
    <UnitTestResult executionId="44559e49-96e8-42b0-9889-7ac8c19896db" testId="826d7414-51d6-560f-0706-77f4dc95073a" testName="TestMethod2" computerName="YAOWEN-PC" duration="00:00:08.3474547" startTime="2012-06-14T14:25:26.1798733+08:00" endTime="2012-06-14T14:25:34.7673644+08:00" testType="13cdc9d9-ddb5-4fa4-a97d-d965ccfc6d4b" outcome="Failed" testListId="8c84fa94-04c1-424b-9868-57a2d4851a1d" relativeResultsDirectory="44559e49-96e8-42b0-9889-7ac8c19896db">
      <Output>
        <ErrorInfo>
          <Message>测试方法 ticketBookTest.UnitTest1.TestMethod2 引发了异常: 
NHibernate.HibernateException: Unable to locate persister: DAL.Model.preferential</Message>
          <StackTrace>    在 NHibernate.Event.Default.DefaultLoadEventListener.OnLoad(LoadEvent event, LoadType loadType)
   在 NHibernate.Impl.SessionImpl.FireLoad(LoadEvent event, LoadType loadType)
   在 NHibernate.Impl.SessionImpl.Get(String entityName, Object id)
   在 NHibernate.Impl.SessionImpl.Get(Type entityClass, Object id)
   在 NHibernate.Impl.SessionImpl.Get[T](Object id)
   在 DAL.Handle.preferentialSession.getpreferentialByID(String id) 位置 C:\Users\yaowen\Desktop\新建文件夹 (2)\TicketBookWebSite4\DAL\Handle\preferentialSession.cs:行号 35
   在 ticketBookTest.UnitTest1.TestMethod2() 位置 C:\Users\yaowen\Desktop\新建文件夹 (2)\TicketBookWebSite4\ticketBookTest\UnitTest1.cs:行号 67
</StackTrace>
        </ErrorInfo>
      </Output>
    </UnitTestResult>
  </Results>
</TestRun>