<?xml version="1.0" encoding="UTF-8"?>
<TestRun id="33026e9a-57af-483a-8c08-e34401b85748" name="yaowen@YAOWEN-PC 2012-06-12 20:55:01" runUser="yaowen-PC\yaowen" xmlns="http://microsoft.com/schemas/VisualStudio/TeamTest/2010">
  <TestSettings name="本地" id="1ff404fe-f118-486d-b728-2179d9e1be88">
    <Description>这些设置为本地测试运行的默认测试设置。</Description>
    <Deployment enabled="false" runDeploymentRoot="yaowen_YAOWEN-PC 2012-06-12 20_55_01">
      <DeploymentItem filename="C:\Users\yaowen\Desktop\web\TicketBookWebSite\NHibernate.dll" />
      <DeploymentItem filename="C:\Users\yaowen\Desktop\web\TicketBookWebSite\Castle.Core.dll" />
      <DeploymentItem filename="C:\Users\yaowen\Desktop\web\TicketBookWebSite\NHibernate.ByteCode.Castle.dll" />
      <DeploymentItem filename="C:\Users\yaowen\Desktop\web\TicketBookWebSite\DAL\bin\Debug\DAL.dll" />
      <DeploymentItem filename="C:\Users\yaowen\Desktop\web\TicketBookWebSite\castle.dynamicproxy2.dll" />
      <DeploymentItem filename="C:\Users\yaowen\Desktop\web\TicketBookWebSite\Iesi.Collections.dll" />
    </Deployment>
    <Execution>
      <TestTypeSpecific />
      <AgentRule name="Execution Agents">
      </AgentRule>
    </Execution>
  </TestSettings>
  <Times creation="2012-06-12T20:55:01.8919277+08:00" queuing="2012-06-12T20:55:03.3190093+08:00" start="2012-06-12T20:55:03.4000139+08:00" finish="2012-06-12T20:55:06.7042029+08:00" />
  <ResultSummary outcome="Failed">
    <Counters total="4" executed="4" error="0" failed="4" timeout="0" aborted="0" inconclusive="0" passedButRunAborted="0" notRunnable="0" notExecuted="0" disconnected="0" warning="0" passed="0" completed="0" inProgress="0" pending="0" />
  </ResultSummary>
  <TestDefinitions>
    <UnitTest name="changePasswordTest" storage="c:\users\yaowen\desktop\web\ticketbookwebsite\ticketbooktest\bin\debug\ticketbooktest.dll" id="5ec55872-1f8e-7b8d-b15c-1dc76c5edf4b">
      <Execution id="ef16bfe9-107e-497f-a7ed-2e86fad56385" />
      <TestMethod codeBase="C:/Users/yaowen/Desktop/web/TicketBookWebSite/ticketBookTest/bin/Debug/ticketBookTest.DLL" adapterTypeName="Microsoft.VisualStudio.TestTools.TestTypes.Unit.UnitTestAdapter, Microsoft.VisualStudio.QualityTools.Tips.UnitTest.Adapter, Version=10.0.0.0, Culture=neutral, PublicKeyToken=b03f5f7f11d50a3a" className="ticketBookTest.UserSessionTest, ticketBookTest, Version=1.0.0.0, Culture=neutral, PublicKeyToken=null" name="changePasswordTest" />
    </UnitTest>
    <UnitTest name="TestMethod1" storage="c:\users\yaowen\desktop\web\ticketbookwebsite\ticketbooktest\bin\debug\ticketbooktest.dll" id="4622fdb6-a043-3a48-7e51-745a41ef2914">
      <Execution id="1bd64624-8741-4dc9-8b9c-07028e4a0006" />
      <TestMethod codeBase="C:/Users/yaowen/Desktop/web/TicketBookWebSite/ticketBookTest/bin/Debug/ticketBookTest.DLL" adapterTypeName="Microsoft.VisualStudio.TestTools.TestTypes.Unit.UnitTestAdapter, Microsoft.VisualStudio.QualityTools.Tips.UnitTest.Adapter, Version=10.0.0.0, Culture=neutral, PublicKeyToken=b03f5f7f11d50a3a" className="ticketBookTest.ticketfinanceText, ticketBookTest, Version=1.0.0.0, Culture=neutral, PublicKeyToken=null" name="TestMethod1" />
    </UnitTest>
    <UnitTest name="ValidateUserTest" storage="c:\users\yaowen\desktop\web\ticketbookwebsite\ticketbooktest\bin\debug\ticketbooktest.dll" id="3cbd35f7-7dc5-e0f4-ae17-6e1cb060f3ae">
      <Execution id="a9ccb440-8427-4386-8afc-9e4ef94c86c2" />
      <TestMethod codeBase="C:/Users/yaowen/Desktop/web/TicketBookWebSite/ticketBookTest/bin/Debug/ticketBookTest.DLL" adapterTypeName="Microsoft.VisualStudio.TestTools.TestTypes.Unit.UnitTestAdapter, Microsoft.VisualStudio.QualityTools.Tips.UnitTest.Adapter, Version=10.0.0.0, Culture=neutral, PublicKeyToken=b03f5f7f11d50a3a" className="ticketBookTest.UserSessionTest, ticketBookTest, Version=1.0.0.0, Culture=neutral, PublicKeyToken=null" name="ValidateUserTest" />
    </UnitTest>
    <UnitTest name="getTicketByIDTest" storage="c:\users\yaowen\desktop\web\ticketbookwebsite\ticketbooktest\bin\debug\ticketbooktest.dll" id="18ae8939-e637-6c1f-550f-fa6650834d96">
      <Execution id="41f1e4fd-8047-4c87-b090-1bdd0668ced0" />
      <TestMethod codeBase="C:/Users/yaowen/Desktop/web/TicketBookWebSite/ticketBookTest/bin/Debug/ticketBookTest.DLL" adapterTypeName="Microsoft.VisualStudio.TestTools.TestTypes.Unit.UnitTestAdapter, Microsoft.VisualStudio.QualityTools.Tips.UnitTest.Adapter, Version=10.0.0.0, Culture=neutral, PublicKeyToken=b03f5f7f11d50a3a" className="ticketBookTest.ticketSessionTest, ticketBookTest, Version=1.0.0.0, Culture=neutral, PublicKeyToken=null" name="getTicketByIDTest" />
    </UnitTest>
  </TestDefinitions>
  <TestLists>
    <TestList name="列表中未列出的结果" id="8c84fa94-04c1-424b-9868-57a2d4851a1d" />
    <TestList name="所有已加载的结果" id="19431567-8539-422a-85d7-44ee4e166bda" />
  </TestLists>
  <TestEntries>
    <TestEntry testId="18ae8939-e637-6c1f-550f-fa6650834d96" executionId="41f1e4fd-8047-4c87-b090-1bdd0668ced0" testListId="8c84fa94-04c1-424b-9868-57a2d4851a1d" />
    <TestEntry testId="3cbd35f7-7dc5-e0f4-ae17-6e1cb060f3ae" executionId="a9ccb440-8427-4386-8afc-9e4ef94c86c2" testListId="8c84fa94-04c1-424b-9868-57a2d4851a1d" />
    <TestEntry testId="5ec55872-1f8e-7b8d-b15c-1dc76c5edf4b" executionId="ef16bfe9-107e-497f-a7ed-2e86fad56385" testListId="8c84fa94-04c1-424b-9868-57a2d4851a1d" />
    <TestEntry testId="4622fdb6-a043-3a48-7e51-745a41ef2914" executionId="1bd64624-8741-4dc9-8b9c-07028e4a0006" testListId="8c84fa94-04c1-424b-9868-57a2d4851a1d" />
  </TestEntries>
  <Results>
    <UnitTestResult executionId="41f1e4fd-8047-4c87-b090-1bdd0668ced0" testId="18ae8939-e637-6c1f-550f-fa6650834d96" testName="getTicketByIDTest" computerName="YAOWEN-PC" duration="00:00:01.4172349" startTime="2012-06-12T20:55:03.4510168+08:00" endTime="2012-06-12T20:55:06.1131691+08:00" testType="13cdc9d9-ddb5-4fa4-a97d-d965ccfc6d4b" outcome="Failed" testListId="8c84fa94-04c1-424b-9868-57a2d4851a1d" relativeResultsDirectory="41f1e4fd-8047-4c87-b090-1bdd0668ced0">
      <Output>
        <ErrorInfo>
          <Message>测试方法 ticketBookTest.ticketSessionTest.getTicketByIDTest 引发了异常: 
NHibernate.MappingException: Could not compile the mapping document: DAL.Model.ticketfinance.hbm.xml ---&gt; NHibernate.MappingException: persistent class DAL.ticketfinance, DAL not found ---&gt; System.TypeLoadException: 未能从程序集“DAL, Version=1.0.0.0, Culture=neutral, PublicKeyToken=null”中加载类型“DAL.ticketfinance”。</Message>
          <StackTrace>    在 System.Reflection.RuntimeAssembly.GetType(RuntimeAssembly assembly, String name, Boolean throwOnError, Boolean ignoreCase, ObjectHandleOnStack type)
   在 System.Reflection.RuntimeAssembly.GetType(String name, Boolean throwOnError, Boolean ignoreCase)
   在 System.Reflection.Assembly.GetType(String name, Boolean throwOnError)
   在 NHibernate.Util.ReflectHelper.TypeFromAssembly(AssemblyQualifiedTypeName name, Boolean throwOnError)
   在 NHibernate.Util.ReflectHelper.ClassForName(String name)
   在 NHibernate.Cfg.XmlHbmBinding.Binder.ClassForFullNameChecked(String fullName, String errorMessage)
 --- 内部异常堆栈跟踪的末尾 ---
    在 NHibernate.Cfg.XmlHbmBinding.Binder.ClassForFullNameChecked(String fullName, String errorMessage)
   在 NHibernate.Cfg.XmlHbmBinding.Binder.ClassForNameChecked(String name, Mappings mappings, String errorMessage)
   在 NHibernate.Cfg.XmlHbmBinding.ClassBinder.BindClass(IEntityMapping classMapping, PersistentClass model, IDictionary`2 inheritedMetas)
   在 NHibernate.Cfg.XmlHbmBinding.RootClassBinder.Bind(HbmClass classSchema, IDictionary`2 inheritedMetas)
   在 NHibernate.Cfg.XmlHbmBinding.MappingRootBinder.AddRootClasses(HbmClass rootClass, IDictionary`2 inheritedMetas)
   在 NHibernate.Cfg.XmlHbmBinding.MappingRootBinder.AddEntitiesMappings(HbmMapping mappingSchema, IDictionary`2 inheritedMetas)
   在 NHibernate.Cfg.XmlHbmBinding.MappingRootBinder.Bind(HbmMapping mappingSchema)
   在 NHibernate.Cfg.Configuration.AddDeserializedMapping(HbmMapping mappingDocument, String documentFileName)
 --- 内部异常堆栈跟踪的末尾 ---
    在 NHibernate.Cfg.Configuration.LogAndThrow(Exception exception)
   在 NHibernate.Cfg.Configuration.AddDeserializedMapping(HbmMapping mappingDocument, String documentFileName)
   在 NHibernate.Cfg.Configuration.AddValidatedDocument(NamedXmlDocument doc)
   在 NHibernate.Cfg.Configuration.ProcessMappingsQueue()
   在 NHibernate.Cfg.Configuration.AddDocumentThroughQueue(NamedXmlDocument document)
   在 NHibernate.Cfg.Configuration.AddXmlReader(XmlReader hbmReader, String name)
   在 NHibernate.Cfg.Configuration.AddInputStream(Stream xmlInputStream, String name)
   在 NHibernate.Cfg.Configuration.AddResource(String path, Assembly assembly)
   在 NHibernate.Cfg.Configuration.AddAssembly(Assembly assembly)
   在 NHibernate.Cfg.Configuration.AddAssembly(String assemblyName)
   在 NHibernate.Cfg.Configuration.DoConfigure(ISessionFactoryConfiguration factoryConfiguration)
   在 NHibernate.Cfg.Configuration.Configure(XmlReader textReader)
   在 NHibernate.Cfg.Configuration.Configure(String fileName, Boolean ignoreSessionFactoryConfig)
   在 NHibernate.Cfg.Configuration.Configure(String fileName)
   在 NHibernate.Cfg.Configuration.Configure()
   在 DAL.NHibernateHelper.GetSessionFactory() 位置 C:\Users\yaowen\Desktop\web\TicketBookWebSite\DAL\NHibernateHelper.cs:行号 21
   在 DAL.NHibernateHelper.GetSession() 位置 C:\Users\yaowen\Desktop\web\TicketBookWebSite\DAL\NHibernateHelper.cs:行号 28
   在 DAL.Handle.ticketSession..ctor() 位置 C:\Users\yaowen\Desktop\web\TicketBookWebSite\DAL\Handle\ticketSession.cs:行号 24
   在 ticketBookTest.ticketSessionTest.getTicketByIDTest() 位置 C:\Users\yaowen\Desktop\web\TicketBookWebSite\ticketBookTest\ticketSessionTest.cs:行号 75
</StackTrace>
        </ErrorInfo>
      </Output>
    </UnitTestResult>
    <UnitTestResult executionId="a9ccb440-8427-4386-8afc-9e4ef94c86c2" testId="3cbd35f7-7dc5-e0f4-ae17-6e1cb060f3ae" testName="ValidateUserTest" computerName="YAOWEN-PC" duration="00:00:00.1405576" startTime="2012-06-12T20:55:06.1271699+08:00" endTime="2012-06-12T20:55:06.2861790+08:00" testType="13cdc9d9-ddb5-4fa4-a97d-d965ccfc6d4b" outcome="Failed" testListId="8c84fa94-04c1-424b-9868-57a2d4851a1d" relativeResultsDirectory="a9ccb440-8427-4386-8afc-9e4ef94c86c2">
      <Output>
        <ErrorInfo>
          <Message>测试方法 ticketBookTest.UserSessionTest.ValidateUserTest 引发了异常: 
NHibernate.MappingException: Could not compile the mapping document: DAL.Model.ticketfinance.hbm.xml ---&gt; NHibernate.MappingException: persistent class DAL.ticketfinance, DAL not found ---&gt; System.TypeLoadException: 未能从程序集“DAL, Version=1.0.0.0, Culture=neutral, PublicKeyToken=null”中加载类型“DAL.ticketfinance”。</Message>
          <StackTrace>    在 System.Reflection.RuntimeAssembly.GetType(RuntimeAssembly assembly, String name, Boolean throwOnError, Boolean ignoreCase, ObjectHandleOnStack type)
   在 System.Reflection.RuntimeAssembly.GetType(String name, Boolean throwOnError, Boolean ignoreCase)
   在 System.Reflection.Assembly.GetType(String name, Boolean throwOnError)
   在 NHibernate.Util.ReflectHelper.TypeFromAssembly(AssemblyQualifiedTypeName name, Boolean throwOnError)
   在 NHibernate.Util.ReflectHelper.ClassForName(String name)
   在 NHibernate.Cfg.XmlHbmBinding.Binder.ClassForFullNameChecked(String fullName, String errorMessage)
 --- 内部异常堆栈跟踪的末尾 ---
    在 NHibernate.Cfg.XmlHbmBinding.Binder.ClassForFullNameChecked(String fullName, String errorMessage)
   在 NHibernate.Cfg.XmlHbmBinding.Binder.ClassForNameChecked(String name, Mappings mappings, String errorMessage)
   在 NHibernate.Cfg.XmlHbmBinding.ClassBinder.BindClass(IEntityMapping classMapping, PersistentClass model, IDictionary`2 inheritedMetas)
   在 NHibernate.Cfg.XmlHbmBinding.RootClassBinder.Bind(HbmClass classSchema, IDictionary`2 inheritedMetas)
   在 NHibernate.Cfg.XmlHbmBinding.MappingRootBinder.AddRootClasses(HbmClass rootClass, IDictionary`2 inheritedMetas)
   在 NHibernate.Cfg.XmlHbmBinding.MappingRootBinder.AddEntitiesMappings(HbmMapping mappingSchema, IDictionary`2 inheritedMetas)
   在 NHibernate.Cfg.XmlHbmBinding.MappingRootBinder.Bind(HbmMapping mappingSchema)
   在 NHibernate.Cfg.Configuration.AddDeserializedMapping(HbmMapping mappingDocument, String documentFileName)
 --- 内部异常堆栈跟踪的末尾 ---
    在 NHibernate.Cfg.Configuration.LogAndThrow(Exception exception)
   在 NHibernate.Cfg.Configuration.AddDeserializedMapping(HbmMapping mappingDocument, String documentFileName)
   在 NHibernate.Cfg.Configuration.AddValidatedDocument(NamedXmlDocument doc)
   在 NHibernate.Cfg.Configuration.ProcessMappingsQueue()
   在 NHibernate.Cfg.Configuration.AddDocumentThroughQueue(NamedXmlDocument document)
   在 NHibernate.Cfg.Configuration.AddXmlReader(XmlReader hbmReader, String name)
   在 NHibernate.Cfg.Configuration.AddInputStream(Stream xmlInputStream, String name)
   在 NHibernate.Cfg.Configuration.AddResource(String path, Assembly assembly)
   在 NHibernate.Cfg.Configuration.AddAssembly(Assembly assembly)
   在 NHibernate.Cfg.Configuration.AddAssembly(String assemblyName)
   在 NHibernate.Cfg.Configuration.DoConfigure(ISessionFactoryConfiguration factoryConfiguration)
   在 NHibernate.Cfg.Configuration.Configure(XmlReader textReader)
   在 NHibernate.Cfg.Configuration.Configure(String fileName, Boolean ignoreSessionFactoryConfig)
   在 NHibernate.Cfg.Configuration.Configure(String fileName)
   在 NHibernate.Cfg.Configuration.Configure()
   在 DAL.NHibernateHelper.GetSessionFactory() 位置 C:\Users\yaowen\Desktop\web\TicketBookWebSite\DAL\NHibernateHelper.cs:行号 21
   在 DAL.NHibernateHelper.GetSession() 位置 C:\Users\yaowen\Desktop\web\TicketBookWebSite\DAL\NHibernateHelper.cs:行号 28
   在 DAL.Handle.UserSession..ctor() 位置 C:\Users\yaowen\Desktop\web\TicketBookWebSite\DAL\Handle\UserSession.cs:行号 20
   在 ticketBookTest.UserSessionTest.ValidateUserTest() 位置 C:\Users\yaowen\Desktop\web\TicketBookWebSite\ticketBookTest\UserSessionTest.cs:行号 73
</StackTrace>
        </ErrorInfo>
      </Output>
    </UnitTestResult>
    <UnitTestResult executionId="ef16bfe9-107e-497f-a7ed-2e86fad56385" testId="5ec55872-1f8e-7b8d-b15c-1dc76c5edf4b" testName="changePasswordTest" computerName="YAOWEN-PC" duration="00:00:00.0949521" startTime="2012-06-12T20:55:06.3001798+08:00" endTime="2012-06-12T20:55:06.4071859+08:00" testType="13cdc9d9-ddb5-4fa4-a97d-d965ccfc6d4b" outcome="Failed" testListId="8c84fa94-04c1-424b-9868-57a2d4851a1d" relativeResultsDirectory="ef16bfe9-107e-497f-a7ed-2e86fad56385">
      <Output>
        <ErrorInfo>
          <Message>测试方法 ticketBookTest.UserSessionTest.changePasswordTest 引发了异常: 
NHibernate.MappingException: Could not compile the mapping document: DAL.Model.ticketfinance.hbm.xml ---&gt; NHibernate.MappingException: persistent class DAL.ticketfinance, DAL not found ---&gt; System.TypeLoadException: 未能从程序集“DAL, Version=1.0.0.0, Culture=neutral, PublicKeyToken=null”中加载类型“DAL.ticketfinance”。</Message>
          <StackTrace>    在 System.Reflection.RuntimeAssembly.GetType(RuntimeAssembly assembly, String name, Boolean throwOnError, Boolean ignoreCase, ObjectHandleOnStack type)
   在 System.Reflection.RuntimeAssembly.GetType(String name, Boolean throwOnError, Boolean ignoreCase)
   在 System.Reflection.Assembly.GetType(String name, Boolean throwOnError)
   在 NHibernate.Util.ReflectHelper.TypeFromAssembly(AssemblyQualifiedTypeName name, Boolean throwOnError)
   在 NHibernate.Util.ReflectHelper.ClassForName(String name)
   在 NHibernate.Cfg.XmlHbmBinding.Binder.ClassForFullNameChecked(String fullName, String errorMessage)
 --- 内部异常堆栈跟踪的末尾 ---
    在 NHibernate.Cfg.XmlHbmBinding.Binder.ClassForFullNameChecked(String fullName, String errorMessage)
   在 NHibernate.Cfg.XmlHbmBinding.Binder.ClassForNameChecked(String name, Mappings mappings, String errorMessage)
   在 NHibernate.Cfg.XmlHbmBinding.ClassBinder.BindClass(IEntityMapping classMapping, PersistentClass model, IDictionary`2 inheritedMetas)
   在 NHibernate.Cfg.XmlHbmBinding.RootClassBinder.Bind(HbmClass classSchema, IDictionary`2 inheritedMetas)
   在 NHibernate.Cfg.XmlHbmBinding.MappingRootBinder.AddRootClasses(HbmClass rootClass, IDictionary`2 inheritedMetas)
   在 NHibernate.Cfg.XmlHbmBinding.MappingRootBinder.AddEntitiesMappings(HbmMapping mappingSchema, IDictionary`2 inheritedMetas)
   在 NHibernate.Cfg.XmlHbmBinding.MappingRootBinder.Bind(HbmMapping mappingSchema)
   在 NHibernate.Cfg.Configuration.AddDeserializedMapping(HbmMapping mappingDocument, String documentFileName)
 --- 内部异常堆栈跟踪的末尾 ---
    在 NHibernate.Cfg.Configuration.LogAndThrow(Exception exception)
   在 NHibernate.Cfg.Configuration.AddDeserializedMapping(HbmMapping mappingDocument, String documentFileName)
   在 NHibernate.Cfg.Configuration.AddValidatedDocument(NamedXmlDocument doc)
   在 NHibernate.Cfg.Configuration.ProcessMappingsQueue()
   在 NHibernate.Cfg.Configuration.AddDocumentThroughQueue(NamedXmlDocument document)
   在 NHibernate.Cfg.Configuration.AddXmlReader(XmlReader hbmReader, String name)
   在 NHibernate.Cfg.Configuration.AddInputStream(Stream xmlInputStream, String name)
   在 NHibernate.Cfg.Configuration.AddResource(String path, Assembly assembly)
   在 NHibernate.Cfg.Configuration.AddAssembly(Assembly assembly)
   在 NHibernate.Cfg.Configuration.AddAssembly(String assemblyName)
   在 NHibernate.Cfg.Configuration.DoConfigure(ISessionFactoryConfiguration factoryConfiguration)
   在 NHibernate.Cfg.Configuration.Configure(XmlReader textReader)
   在 NHibernate.Cfg.Configuration.Configure(String fileName, Boolean ignoreSessionFactoryConfig)
   在 NHibernate.Cfg.Configuration.Configure(String fileName)
   在 NHibernate.Cfg.Configuration.Configure()
   在 DAL.NHibernateHelper.GetSessionFactory() 位置 C:\Users\yaowen\Desktop\web\TicketBookWebSite\DAL\NHibernateHelper.cs:行号 21
   在 DAL.NHibernateHelper.GetSession() 位置 C:\Users\yaowen\Desktop\web\TicketBookWebSite\DAL\NHibernateHelper.cs:行号 28
   在 DAL.Handle.UserSession..ctor() 位置 C:\Users\yaowen\Desktop\web\TicketBookWebSite\DAL\Handle\UserSession.cs:行号 20
   在 ticketBookTest.UserSessionTest.changePasswordTest() 位置 C:\Users\yaowen\Desktop\web\TicketBookWebSite\ticketBookTest\UserSessionTest.cs:行号 94
</StackTrace>
        </ErrorInfo>
      </Output>
    </UnitTestResult>
    <UnitTestResult executionId="1bd64624-8741-4dc9-8b9c-07028e4a0006" testId="4622fdb6-a043-3a48-7e51-745a41ef2914" testName="TestMethod1" computerName="YAOWEN-PC" duration="00:00:00.2011157" startTime="2012-06-12T20:55:06.4221868+08:00" endTime="2012-06-12T20:55:06.6351990+08:00" testType="13cdc9d9-ddb5-4fa4-a97d-d965ccfc6d4b" outcome="Failed" testListId="8c84fa94-04c1-424b-9868-57a2d4851a1d" relativeResultsDirectory="1bd64624-8741-4dc9-8b9c-07028e4a0006">
      <Output>
        <ErrorInfo>
          <Message>测试方法 ticketBookTest.ticketfinanceText.TestMethod1 引发了异常: 
NHibernate.MappingException: Could not compile the mapping document: DAL.Model.ticketfinance.hbm.xml ---&gt; NHibernate.MappingException: persistent class DAL.ticketfinance, DAL not found ---&gt; System.TypeLoadException: 未能从程序集“DAL, Version=1.0.0.0, Culture=neutral, PublicKeyToken=null”中加载类型“DAL.ticketfinance”。</Message>
          <StackTrace>    在 System.Reflection.RuntimeAssembly.GetType(RuntimeAssembly assembly, String name, Boolean throwOnError, Boolean ignoreCase, ObjectHandleOnStack type)
   在 System.Reflection.RuntimeAssembly.GetType(String name, Boolean throwOnError, Boolean ignoreCase)
   在 System.Reflection.Assembly.GetType(String name, Boolean throwOnError)
   在 NHibernate.Util.ReflectHelper.TypeFromAssembly(AssemblyQualifiedTypeName name, Boolean throwOnError)
   在 NHibernate.Util.ReflectHelper.ClassForName(String name)
   在 NHibernate.Cfg.XmlHbmBinding.Binder.ClassForFullNameChecked(String fullName, String errorMessage)
 --- 内部异常堆栈跟踪的末尾 ---
    在 NHibernate.Cfg.XmlHbmBinding.Binder.ClassForFullNameChecked(String fullName, String errorMessage)
   在 NHibernate.Cfg.XmlHbmBinding.Binder.ClassForNameChecked(String name, Mappings mappings, String errorMessage)
   在 NHibernate.Cfg.XmlHbmBinding.ClassBinder.BindClass(IEntityMapping classMapping, PersistentClass model, IDictionary`2 inheritedMetas)
   在 NHibernate.Cfg.XmlHbmBinding.RootClassBinder.Bind(HbmClass classSchema, IDictionary`2 inheritedMetas)
   在 NHibernate.Cfg.XmlHbmBinding.MappingRootBinder.AddRootClasses(HbmClass rootClass, IDictionary`2 inheritedMetas)
   在 NHibernate.Cfg.XmlHbmBinding.MappingRootBinder.AddEntitiesMappings(HbmMapping mappingSchema, IDictionary`2 inheritedMetas)
   在 NHibernate.Cfg.XmlHbmBinding.MappingRootBinder.Bind(HbmMapping mappingSchema)
   在 NHibernate.Cfg.Configuration.AddDeserializedMapping(HbmMapping mappingDocument, String documentFileName)
 --- 内部异常堆栈跟踪的末尾 ---
    在 NHibernate.Cfg.Configuration.LogAndThrow(Exception exception)
   在 NHibernate.Cfg.Configuration.AddDeserializedMapping(HbmMapping mappingDocument, String documentFileName)
   在 NHibernate.Cfg.Configuration.AddValidatedDocument(NamedXmlDocument doc)
   在 NHibernate.Cfg.Configuration.ProcessMappingsQueue()
   在 NHibernate.Cfg.Configuration.AddDocumentThroughQueue(NamedXmlDocument document)
   在 NHibernate.Cfg.Configuration.AddXmlReader(XmlReader hbmReader, String name)
   在 NHibernate.Cfg.Configuration.AddInputStream(Stream xmlInputStream, String name)
   在 NHibernate.Cfg.Configuration.AddResource(String path, Assembly assembly)
   在 NHibernate.Cfg.Configuration.AddAssembly(Assembly assembly)
   在 NHibernate.Cfg.Configuration.AddAssembly(String assemblyName)
   在 NHibernate.Cfg.Configuration.DoConfigure(ISessionFactoryConfiguration factoryConfiguration)
   在 NHibernate.Cfg.Configuration.Configure(XmlReader textReader)
   在 NHibernate.Cfg.Configuration.Configure(String fileName, Boolean ignoreSessionFactoryConfig)
   在 NHibernate.Cfg.Configuration.Configure(String fileName)
   在 NHibernate.Cfg.Configuration.Configure()
   在 DAL.NHibernateHelper.GetSessionFactory() 位置 C:\Users\yaowen\Desktop\web\TicketBookWebSite\DAL\NHibernateHelper.cs:行号 21
   在 DAL.NHibernateHelper.GetSession() 位置 C:\Users\yaowen\Desktop\web\TicketBookWebSite\DAL\NHibernateHelper.cs:行号 28
   在 DAL.Handle.ticketfinanceSession..ctor() 位置 C:\Users\yaowen\Desktop\web\TicketBookWebSite\DAL\Handle\ticketfinanceSession.cs:行号 24
   在 ticketBookTest.ticketfinanceText.TestMethod1() 位置 C:\Users\yaowen\Desktop\web\TicketBookWebSite\ticketBookTest\ticketfinanceText.cs:行号 68
</StackTrace>
        </ErrorInfo>
      </Output>
    </UnitTestResult>
  </Results>
</TestRun>