<?xml version="1.0" encoding="UTF-8"?>
<TestRun id="0ff9895a-e75a-4059-afd2-dc8ce2883a5c" name="xulei@XULEI-PC 2012-05-18 11:21:40" runUser="xulei-PC\xulei" xmlns="http://microsoft.com/schemas/VisualStudio/TeamTest/2010">
  <TestSettings name="本地" id="1ff404fe-f118-486d-b728-2179d9e1be88">
    <Description>这些设置为本地测试运行的默认测试设置。</Description>
    <Deployment enabled="false" runDeploymentRoot="xulei_XULEI-PC 2012-05-18 11_21_40">
      <DeploymentItem filename="C:\Users\xulei\Desktop\TicketBookWebSite\DAL\bin\Debug\DAL.dll" />
      <DeploymentItem filename="C:\Users\xulei\Desktop\TicketBookWebSite\Castle.Core.dll" />
      <DeploymentItem filename="C:\Users\xulei\Desktop\TicketBookWebSite\castle.dynamicproxy2.dll" />
      <DeploymentItem filename="C:\Users\xulei\Desktop\TicketBookWebSite\NHibernate.dll" />
      <DeploymentItem filename="C:\Users\xulei\Desktop\TicketBookWebSite\NHibernate.ByteCode.Castle.dll" />
      <DeploymentItem filename="C:\Users\xulei\Desktop\TicketBookWebSite\Iesi.Collections.dll" />
    </Deployment>
    <Execution>
      <TestTypeSpecific />
      <AgentRule name="Execution Agents">
      </AgentRule>
    </Execution>
  </TestSettings>
  <Times creation="2012-05-18T11:21:40.4599073+08:00" queuing="2012-05-18T11:21:41.8179850+08:00" start="2012-05-18T11:21:41.9199908+08:00" finish="2012-05-18T11:21:44.7121506+08:00" />
  <ResultSummary outcome="Completed">
    <Counters total="1" executed="1" passed="1" error="0" failed="0" timeout="0" aborted="0" inconclusive="0" passedButRunAborted="0" notRunnable="0" notExecuted="0" disconnected="0" warning="0" completed="0" inProgress="0" pending="0" />
  </ResultSummary>
  <TestDefinitions>
    <UnitTest name="getTicketByIDTest" storage="c:\users\xulei\desktop\ticketbookwebsite\ticketbooktest\bin\debug\ticketbooktest.dll" id="18ae8939-e637-6c1f-550f-fa6650834d96">
      <Execution id="af9bc68a-7b6e-475e-9ee6-54a8986c99a6" />
      <TestMethod codeBase="C:/Users/xulei/Desktop/TicketBookWebSite/ticketBookTest/bin/Debug/ticketBookTest.DLL" adapterTypeName="Microsoft.VisualStudio.TestTools.TestTypes.Unit.UnitTestAdapter, Microsoft.VisualStudio.QualityTools.Tips.UnitTest.Adapter, Version=10.0.0.0, Culture=neutral, PublicKeyToken=b03f5f7f11d50a3a" className="ticketBookTest.ticketSessionTest, ticketBookTest, Version=1.0.0.0, Culture=neutral, PublicKeyToken=null" name="getTicketByIDTest" />
    </UnitTest>
  </TestDefinitions>
  <TestLists>
    <TestList name="列表中未列出的结果" id="8c84fa94-04c1-424b-9868-57a2d4851a1d" />
    <TestList name="所有已加载的结果" id="19431567-8539-422a-85d7-44ee4e166bda" />
  </TestLists>
  <TestEntries>
    <TestEntry testId="18ae8939-e637-6c1f-550f-fa6650834d96" executionId="af9bc68a-7b6e-475e-9ee6-54a8986c99a6" testListId="8c84fa94-04c1-424b-9868-57a2d4851a1d" />
  </TestEntries>
  <Results>
    <UnitTestResult executionId="af9bc68a-7b6e-475e-9ee6-54a8986c99a6" testId="18ae8939-e637-6c1f-550f-fa6650834d96" testName="getTicketByIDTest" computerName="XULEI-PC" duration="00:00:01.7697746" startTime="2012-05-18T11:21:42.0449980+08:00" endTime="2012-05-18T11:21:44.5061388+08:00" testType="13cdc9d9-ddb5-4fa4-a97d-d965ccfc6d4b" outcome="Passed" testListId="8c84fa94-04c1-424b-9868-57a2d4851a1d" relativeResultsDirectory="af9bc68a-7b6e-475e-9ee6-54a8986c99a6">
    </UnitTestResult>
  </Results>
</TestRun>