<?xml version="1.0" encoding="UTF-8"?>
<TestRun id="1923bdec-e08e-4fb1-980d-8ce686430a46" name="yaowen@YAOWEN-PC 2012-05-16 21:03:21" runUser="yaowen-PC\yaowen" xmlns="http://microsoft.com/schemas/VisualStudio/TeamTest/2010">
  <TestSettings name="本地" id="db2fda1d-3276-4949-a3e6-89f8c2dc06c1">
    <Description>这些设置为本地测试运行的默认测试设置。</Description>
    <Deployment enabled="false" runDeploymentRoot="yaowen_YAOWEN-PC 2012-05-16 21_03_21">
      <DeploymentItem filename="F:\常用软件\Git\shiyan1\SellTicketText\sell_ticket\bin\sell_ticket.dll" />
      <DeploymentItem filename="C:\Users\yaowen\Desktop\Castle.Core.dll" />
      <DeploymentItem filename="F:\常用软件\Git\shiyan1\SellTicketText\castle.dynamicproxy2.dll" />
      <DeploymentItem filename="F:\常用软件\Git\shiyan1\SellTicketText\Iesi.Collections.dll" />
      <DeploymentItem filename="F:\常用软件\Git\shiyan1\SellTicketText\NHibernate.ByteCode.Castle.dll" />
      <DeploymentItem filename="F:\常用软件\Git\shiyan1\SellTicketText\NHibernate.dll" />
    </Deployment>
    <Execution>
      <TestTypeSpecific />
      <AgentRule name="Execution Agents">
      </AgentRule>
    </Execution>
  </TestSettings>
  <Times creation="2012-05-16T21:03:21.4390657+08:00" queuing="2012-05-16T21:03:23.0021551+08:00" start="2012-05-16T21:03:23.1721648+08:00" finish="2012-05-16T21:03:37.4609821+08:00" />
  <ResultSummary outcome="Completed">
    <Counters total="1" executed="1" passed="1" error="0" failed="0" timeout="0" aborted="0" inconclusive="0" passedButRunAborted="0" notRunnable="0" notExecuted="0" disconnected="0" warning="0" completed="0" inProgress="0" pending="0" />
  </ResultSummary>
  <TestDefinitions>
    <UnitTest name="TestMethod2" storage="f:\常用软件\git\shiyan1\selltickettext\selltickettext\bin\debug\selltickettext.dll" id="fa9ec2fd-cdaa-6734-2723-7e17e4bf8504">
      <Execution id="21179652-f310-4159-9400-67f8024ee516" />
      <TestMethod codeBase="F:/常用软件/Git/shiyan1/SellTicketText/SellTicketText/bin/Debug/SellTicketText.DLL" adapterTypeName="Microsoft.VisualStudio.TestTools.TestTypes.Unit.UnitTestAdapter, Microsoft.VisualStudio.QualityTools.Tips.UnitTest.Adapter, Version=10.0.0.0, Culture=neutral, PublicKeyToken=b03f5f7f11d50a3a" className="SellTicketText.UnitTest1, SellTicketText, Version=1.0.0.0, Culture=neutral, PublicKeyToken=null" name="TestMethod2" />
    </UnitTest>
  </TestDefinitions>
  <TestLists>
    <TestList name="列表中未列出的结果" id="8c84fa94-04c1-424b-9868-57a2d4851a1d" />
    <TestList name="所有已加载的结果" id="19431567-8539-422a-85d7-44ee4e166bda" />
  </TestLists>
  <TestEntries>
    <TestEntry testId="fa9ec2fd-cdaa-6734-2723-7e17e4bf8504" executionId="21179652-f310-4159-9400-67f8024ee516" testListId="8c84fa94-04c1-424b-9868-57a2d4851a1d" />
  </TestEntries>
  <Results>
    <UnitTestResult executionId="21179652-f310-4159-9400-67f8024ee516" testId="fa9ec2fd-cdaa-6734-2723-7e17e4bf8504" testName="TestMethod2" computerName="YAOWEN-PC" duration="00:00:12.1159242" startTime="2012-05-16T21:03:23.3901773+08:00" endTime="2012-05-16T21:03:37.3719770+08:00" testType="13cdc9d9-ddb5-4fa4-a97d-d965ccfc6d4b" outcome="Passed" testListId="8c84fa94-04c1-424b-9868-57a2d4851a1d" relativeResultsDirectory="21179652-f310-4159-9400-67f8024ee516">
    </UnitTestResult>
  </Results>
</TestRun>