<?xml version="1.0" encoding="UTF-8"?>
<TestRun id="c45a4bc2-8b05-4de9-8411-2c70e151e882" name="yaowen@YAOWEN-PC 2012-05-16 20:15:02" runUser="yaowen-PC\yaowen" xmlns="http://microsoft.com/schemas/VisualStudio/TeamTest/2010">
  <TestSettings name="本地" id="db2fda1d-3276-4949-a3e6-89f8c2dc06c1">
    <Description>这些设置为本地测试运行的默认测试设置。</Description>
    <Deployment enabled="false" runDeploymentRoot="yaowen_YAOWEN-PC 2012-05-16 20_15_02">
      <DeploymentItem filename="F:\常用软件\Git\shiyan1\SellTicketText\sell_ticket\bin\sell_ticket.dll" />
      <DeploymentItem filename="C:\Users\yaowen\Desktop\Castle.Core.dll" />
      <DeploymentItem filename="F:\常用软件\Git\shiyan1\SellTicketText\castle.dynamicproxy2.dll" />
      <DeploymentItem filename="F:\常用软件\Git\shiyan1\SellTicketText\Iesi.Collections.dll" />
      <DeploymentItem filename="F:\常用软件\Git\shiyan1\SellTicketText\NHibernate.ByteCode.Castle.dll" />
      <DeploymentItem filename="F:\常用软件\Git\shiyan1\SellTicketText\NHibernate.dll" />
    </Deployment>
    <Execution>
      <TestTypeSpecific />
      <AgentRule name="Execution Agents">
      </AgentRule>
    </Execution>
  </TestSettings>
  <Times creation="2012-05-16T20:15:02.0202284+08:00" queuing="2012-05-16T20:15:03.3823063+08:00" start="2012-05-16T20:15:03.4723115+08:00" finish="2012-05-16T20:15:07.6725517+08:00" />
  <ResultSummary outcome="Failed">
    <Counters total="2" executed="2" error="0" failed="2" timeout="0" aborted="0" inconclusive="0" passedButRunAborted="0" notRunnable="0" notExecuted="0" disconnected="0" warning="0" passed="0" completed="0" inProgress="0" pending="0" />
  </ResultSummary>
  <TestDefinitions>
    <UnitTest name="TestMethod1" storage="f:\常用软件\git\shiyan1\selltickettext\selltickettext\bin\debug\selltickettext.dll" id="a1e2a89f-6c5d-502d-0b88-631515a21cf7">
      <Execution id="1e87f2f1-4c0b-4dd4-a0b2-4e32553d71da" />
      <TestMethod codeBase="F:/常用软件/Git/shiyan1/SellTicketText/SellTicketText/bin/Debug/SellTicketText.DLL" adapterTypeName="Microsoft.VisualStudio.TestTools.TestTypes.Unit.UnitTestAdapter, Microsoft.VisualStudio.QualityTools.Tips.UnitTest.Adapter, Version=10.0.0.0, Culture=neutral, PublicKeyToken=b03f5f7f11d50a3a" className="SellTicketText.UnitTest1, SellTicketText, Version=1.0.0.0, Culture=neutral, PublicKeyToken=null" name="TestMethod1" />
    </UnitTest>
    <UnitTest name="TestMethod2" storage="f:\常用软件\git\shiyan1\selltickettext\selltickettext\bin\debug\selltickettext.dll" id="fa9ec2fd-cdaa-6734-2723-7e17e4bf8504">
      <Execution id="40e9b77d-73c1-476c-bd26-ea0a96c1c753" />
      <TestMethod codeBase="F:/常用软件/Git/shiyan1/SellTicketText/SellTicketText/bin/Debug/SellTicketText.DLL" adapterTypeName="Microsoft.VisualStudio.TestTools.TestTypes.Unit.UnitTestAdapter, Microsoft.VisualStudio.QualityTools.Tips.UnitTest.Adapter, Version=10.0.0.0, Culture=neutral, PublicKeyToken=b03f5f7f11d50a3a" className="SellTicketText.UnitTest1, SellTicketText, Version=1.0.0.0, Culture=neutral, PublicKeyToken=null" name="TestMethod2" />
    </UnitTest>
  </TestDefinitions>
  <TestLists>
    <TestList name="列表中未列出的结果" id="8c84fa94-04c1-424b-9868-57a2d4851a1d" />
    <TestList name="所有已加载的结果" id="19431567-8539-422a-85d7-44ee4e166bda" />
  </TestLists>
  <TestEntries>
    <TestEntry testId="a1e2a89f-6c5d-502d-0b88-631515a21cf7" executionId="1e87f2f1-4c0b-4dd4-a0b2-4e32553d71da" testListId="8c84fa94-04c1-424b-9868-57a2d4851a1d" />
    <TestEntry testId="fa9ec2fd-cdaa-6734-2723-7e17e4bf8504" executionId="40e9b77d-73c1-476c-bd26-ea0a96c1c753" testListId="8c84fa94-04c1-424b-9868-57a2d4851a1d" />
  </TestEntries>
  <Results>
    <UnitTestResult executionId="1e87f2f1-4c0b-4dd4-a0b2-4e32553d71da" testId="a1e2a89f-6c5d-502d-0b88-631515a21cf7" testName="TestMethod1" computerName="YAOWEN-PC" duration="00:00:02.3014728" startTime="2012-05-16T20:15:03.5153139+08:00" endTime="2012-05-16T20:15:07.5135426+08:00" testType="13cdc9d9-ddb5-4fa4-a97d-d965ccfc6d4b" outcome="Failed" testListId="8c84fa94-04c1-424b-9868-57a2d4851a1d" relativeResultsDirectory="1e87f2f1-4c0b-4dd4-a0b2-4e32553d71da">
      <Output>
        <ErrorInfo>
          <Message>测试方法 SellTicketText.UnitTest1.TestMethod1 引发了异常: 
NHibernate.Exceptions.GenericADOException: could not insert: [sell_ticket.ticket#zhazhu][SQL: INSERT INTO ticketinfo (startPos, endPos, ticketMoney, totalsit, remainsit, DATE, time, ID) VALUES (?, ?, ?, ?, ?, ?, ?, ?)] ---&gt; MySql.Data.MySqlClient.MySqlException: Duplicate entry 'zhazhu' for key 'PRIMARY'</Message>
          <StackTrace>    在 MySql.Data.MySqlClient.MySqlStream.ReadPacket()
   在 MySql.Data.MySqlClient.NativeDriver.GetResult(Int32&amp; affectedRow, Int32&amp; insertedId)
   在 MySql.Data.MySqlClient.Driver.GetResult(Int32 statementId, Int32&amp; affectedRows, Int32&amp; insertedId)
   在 MySql.Data.MySqlClient.Driver.NextResult(Int32 statementId)
   在 MySql.Data.MySqlClient.MySqlDataReader.NextResult()
   在 MySql.Data.MySqlClient.MySqlCommand.ExecuteReader(CommandBehavior behavior)
   在 MySql.Data.MySqlClient.MySqlCommand.ExecuteReader()
   在 MySql.Data.MySqlClient.MySqlCommand.ExecuteNonQuery()
   在 NHibernate.AdoNet.AbstractBatcher.ExecuteNonQuery(IDbCommand cmd)
   在 NHibernate.AdoNet.NonBatchingBatcher.AddToBatch(IExpectation expectation)
   在 NHibernate.Persister.Entity.AbstractEntityPersister.Insert(Object id, Object[] fields, Boolean[] notNull, Int32 j, SqlCommandInfo sql, Object obj, ISessionImplementor session)
 --- 内部异常堆栈跟踪的末尾 ---
    在 NHibernate.Persister.Entity.AbstractEntityPersister.Insert(Object id, Object[] fields, Boolean[] notNull, Int32 j, SqlCommandInfo sql, Object obj, ISessionImplementor session)
   在 NHibernate.Persister.Entity.AbstractEntityPersister.Insert(Object id, Object[] fields, Object obj, ISessionImplementor session)
   在 NHibernate.Action.EntityInsertAction.Execute()
   在 NHibernate.Engine.ActionQueue.Execute(IExecutable executable)
   在 NHibernate.Engine.ActionQueue.ExecuteActions(IList list)
   在 NHibernate.Engine.ActionQueue.ExecuteActions()
   在 NHibernate.Event.Default.AbstractFlushingEventListener.PerformExecutions(IEventSource session)
   在 NHibernate.Event.Default.DefaultFlushEventListener.OnFlush(FlushEvent event)
   在 NHibernate.Impl.SessionImpl.Flush()
   在 sell_ticket.NHibernateSample.CreateTicket(ticket Ticket) 位置 F:\常用软件\Git\shiyan1\SellTicketText\sell_ticket\NHibernateSample.cs:行号 30
   在 SellTicketText.UnitTest1.TestMethod1() 位置 F:\常用软件\Git\shiyan1\SellTicketText\SellTicketText\UnitTest1.cs:行号 85
</StackTrace>
        </ErrorInfo>
      </Output>
    </UnitTestResult>
    <UnitTestResult executionId="40e9b77d-73c1-476c-bd26-ea0a96c1c753" testId="fa9ec2fd-cdaa-6734-2723-7e17e4bf8504" testName="TestMethod2" computerName="YAOWEN-PC" duration="00:00:00.0342864" startTime="2012-05-16T20:15:07.5305436+08:00" endTime="2012-05-16T20:15:07.5735461+08:00" testType="13cdc9d9-ddb5-4fa4-a97d-d965ccfc6d4b" outcome="Failed" testListId="8c84fa94-04c1-424b-9868-57a2d4851a1d" relativeResultsDirectory="40e9b77d-73c1-476c-bd26-ea0a96c1c753">
      <Output>
        <ErrorInfo>
          <Message>测试方法 SellTicketText.UnitTest1.TestMethod2 引发了异常: 
NHibernate.MappingException: No persister for: sell_ticket.seat</Message>
          <StackTrace>    在 NHibernate.Impl.SessionFactoryImpl.GetEntityPersister(String entityName)
   在 NHibernate.Impl.SessionImpl.GetEntityPersister(String entityName, Object obj)
   在 NHibernate.Event.Default.AbstractSaveEventListener.SaveWithGeneratedId(Object entity, String entityName, Object anything, IEventSource source, Boolean requiresImmediateIdAccess)
   在 NHibernate.Event.Default.DefaultSaveOrUpdateEventListener.SaveWithGeneratedOrRequestedId(SaveOrUpdateEvent event)
   在 NHibernate.Event.Default.DefaultSaveEventListener.SaveWithGeneratedOrRequestedId(SaveOrUpdateEvent event)
   在 NHibernate.Event.Default.DefaultSaveOrUpdateEventListener.EntityIsTransient(SaveOrUpdateEvent event)
   在 NHibernate.Event.Default.DefaultSaveEventListener.PerformSaveOrUpdate(SaveOrUpdateEvent event)
   在 NHibernate.Event.Default.DefaultSaveOrUpdateEventListener.OnSaveOrUpdate(SaveOrUpdateEvent event)
   在 NHibernate.Impl.SessionImpl.FireSave(SaveOrUpdateEvent event)
   在 NHibernate.Impl.SessionImpl.Save(Object obj)
   在 sell_ticket.NHibernateSample.CreateSeat(seat Seat) 位置 F:\常用软件\Git\shiyan1\SellTicketText\sell_ticket\NHibernateSample.cs:行号 35
   在 SellTicketText.UnitTest1.TestMethod2() 位置 F:\常用软件\Git\shiyan1\SellTicketText\SellTicketText\UnitTest1.cs:行号 105
</StackTrace>
        </ErrorInfo>
      </Output>
    </UnitTestResult>
  </Results>
</TestRun>