<?xml version="1.0" encoding="UTF-8"?>
<TestRun id="9100d828-2bd7-4eab-85c8-2f001a43b662" name="yaowen@YAOWEN-PC 2012-05-16 20:14:05" runUser="yaowen-PC\yaowen" xmlns="http://microsoft.com/schemas/VisualStudio/TeamTest/2010">
  <TestSettings name="本地" id="db2fda1d-3276-4949-a3e6-89f8c2dc06c1">
    <Description>这些设置为本地测试运行的默认测试设置。</Description>
    <Deployment enabled="false" runDeploymentRoot="yaowen_YAOWEN-PC 2012-05-16 20_14_05">
      <DeploymentItem filename="F:\常用软件\Git\shiyan1\SellTicketText\sell_ticket\bin\sell_ticket.dll" />
      <DeploymentItem filename="C:\Users\yaowen\Desktop\Castle.Core.dll" />
      <DeploymentItem filename="F:\常用软件\Git\shiyan1\SellTicketText\castle.dynamicproxy2.dll" />
      <DeploymentItem filename="F:\常用软件\Git\shiyan1\SellTicketText\Iesi.Collections.dll" />
      <DeploymentItem filename="F:\常用软件\Git\shiyan1\SellTicketText\NHibernate.ByteCode.Castle.dll" />
      <DeploymentItem filename="F:\常用软件\Git\shiyan1\SellTicketText\NHibernate.dll" />
    </Deployment>
    <Execution>
      <TestTypeSpecific />
      <AgentRule name="Execution Agents">
      </AgentRule>
    </Execution>
  </TestSettings>
  <Times creation="2012-05-16T20:14:05.0139679+08:00" queuing="2012-05-16T20:14:07.4411067+08:00" start="2012-05-16T20:14:07.5501129+08:00" finish="2012-05-16T20:14:11.9373639+08:00" />
  <ResultSummary outcome="Completed">
    <Counters total="1" executed="1" passed="1" error="0" failed="0" timeout="0" aborted="0" inconclusive="0" passedButRunAborted="0" notRunnable="0" notExecuted="0" disconnected="0" warning="0" completed="0" inProgress="0" pending="0" />
  </ResultSummary>
  <TestDefinitions>
    <UnitTest name="TestMethod1" storage="f:\常用软件\git\shiyan1\selltickettext\selltickettext\bin\debug\selltickettext.dll" id="a1e2a89f-6c5d-502d-0b88-631515a21cf7">
      <Execution id="b734c441-0113-4fe1-9449-bec0fff4f0af" />
      <TestMethod codeBase="F:/常用软件/Git/shiyan1/SellTicketText/SellTicketText/bin/Debug/SellTicketText.DLL" adapterTypeName="Microsoft.VisualStudio.TestTools.TestTypes.Unit.UnitTestAdapter, Microsoft.VisualStudio.QualityTools.Tips.UnitTest.Adapter, Version=10.0.0.0, Culture=neutral, PublicKeyToken=b03f5f7f11d50a3a" className="SellTicketText.UnitTest1, SellTicketText, Version=1.0.0.0, Culture=neutral, PublicKeyToken=null" name="TestMethod1" />
    </UnitTest>
  </TestDefinitions>
  <TestLists>
    <TestList name="列表中未列出的结果" id="8c84fa94-04c1-424b-9868-57a2d4851a1d" />
    <TestList name="所有已加载的结果" id="19431567-8539-422a-85d7-44ee4e166bda" />
  </TestLists>
  <TestEntries>
    <TestEntry testId="a1e2a89f-6c5d-502d-0b88-631515a21cf7" executionId="b734c441-0113-4fe1-9449-bec0fff4f0af" testListId="8c84fa94-04c1-424b-9868-57a2d4851a1d" />
  </TestEntries>
  <Results>
    <UnitTestResult executionId="b734c441-0113-4fe1-9449-bec0fff4f0af" testId="a1e2a89f-6c5d-502d-0b88-631515a21cf7" testName="TestMethod1" computerName="YAOWEN-PC" duration="00:00:02.4531834" startTime="2012-05-16T20:14:07.6081162+08:00" endTime="2012-05-16T20:14:11.8243574+08:00" testType="13cdc9d9-ddb5-4fa4-a97d-d965ccfc6d4b" outcome="Passed" testListId="8c84fa94-04c1-424b-9868-57a2d4851a1d" relativeResultsDirectory="b734c441-0113-4fe1-9449-bec0fff4f0af">
    </UnitTestResult>
  </Results>
</TestRun>