<?xml version="1.0" encoding="UTF-8"?>
<TestRun id="d404edca-dcbf-4ddc-95be-ebceed95a3e8" name="xulei@XULEI-PC 2012-06-15 13:36:18" runUser="xulei-PC\xulei" xmlns="http://microsoft.com/schemas/VisualStudio/TeamTest/2010">
  <TestSettings name="本地" id="1ff404fe-f118-486d-b728-2179d9e1be88">
    <Description>这些设置为本地测试运行的默认测试设置。</Description>
    <Deployment enabled="false" runDeploymentRoot="xulei_XULEI-PC 2012-06-15 13_36_18">
      <DeploymentItem filename="C:\长途汽车售票（姚耀文，徐磊）\TicketBookWebSite5\DAL\bin\Debug\DAL.dll" />
      <DeploymentItem filename="C:\长途汽车售票（姚耀文，徐磊）\TicketBookWebSite5\Castle.Core.dll" />
      <DeploymentItem filename="C:\长途汽车售票（姚耀文，徐磊）\TicketBookWebSite5\castle.dynamicproxy2.dll" />
      <DeploymentItem filename="C:\长途汽车售票（姚耀文，徐磊）\TicketBookWebSite5\Iesi.Collections.dll" />
      <DeploymentItem filename="C:\长途汽车售票（姚耀文，徐磊）\TicketBookWebSite5\NHibernate.dll" />
      <DeploymentItem filename="C:\长途汽车售票（姚耀文，徐磊）\TicketBookWebSite5\NHibernate.ByteCode.Castle.dll" />
    </Deployment>
    <Execution>
      <TestTypeSpecific />
      <AgentRule name="Execution Agents">
      </AgentRule>
    </Execution>
  </TestSettings>
  <Times creation="2012-06-15T13:36:18.5778181+08:00" queuing="2012-06-15T13:36:19.9808984+08:00" start="2012-06-15T13:36:20.1979108+08:00" finish="2012-06-15T13:36:55.3709225+08:00" />
  <ResultSummary outcome="Error">
    <Counters total="6" executed="3" passed="2" error="0" failed="0" timeout="0" aborted="1" inconclusive="0" passedButRunAborted="0" notRunnable="0" notExecuted="3" disconnected="0" warning="0" completed="0" inProgress="0" pending="0" />
    <RunInfos>
      <RunInfo computerName="XULEI-PC" outcome="Error" timestamp="2012-06-15T13:36:55.3689224+08:00">
        <Text>测试宿主进程意外退出。</Text>
      </RunInfo>
    </RunInfos>
  </ResultSummary>
  <TestDefinitions>
    <UnitTest name="saveTicketTest" storage="c:\长途汽车售票（姚耀文，徐磊）\ticketbookwebsite5\ticketbooktest\bin\debug\ticketbooktest.dll" id="ec008cdd-b77f-3422-4fe3-3f3ee3035ae3">
      <Execution id="169a24c9-54ef-468a-b887-3f9c4a9ee41e" />
      <TestMethod codeBase="C:/长途汽车售票（姚耀文，徐磊）/TicketBookWebSite5/ticketBookTest/bin/Debug/ticketBookTest.DLL" adapterTypeName="Microsoft.VisualStudio.TestTools.TestTypes.Unit.UnitTestAdapter, Microsoft.VisualStudio.QualityTools.Tips.UnitTest.Adapter, Version=10.0.0.0, Culture=neutral, PublicKeyToken=b03f5f7f11d50a3a" className="ticketBookTest.preferentialSessionTest, ticketBookTest, Version=1.0.0.0, Culture=neutral, PublicKeyToken=null" name="saveTicketTest" />
    </UnitTest>
    <UnitTest name="ValidateUserTest" storage="c:\长途汽车售票（姚耀文，徐磊）\ticketbookwebsite5\ticketbooktest\bin\debug\ticketbooktest.dll" id="3cbd35f7-7dc5-e0f4-ae17-6e1cb060f3ae">
      <Execution id="69e482a7-b7ba-4ab0-a0f9-50a1e2c59949" />
      <TestMethod codeBase="C:/长途汽车售票（姚耀文，徐磊）/TicketBookWebSite5/ticketBookTest/bin/Debug/ticketBookTest.DLL" adapterTypeName="Microsoft.VisualStudio.TestTools.TestTypes.Unit.UnitTestAdapter, Microsoft.VisualStudio.QualityTools.Tips.UnitTest.Adapter, Version=10.0.0.0, Culture=neutral, PublicKeyToken=b03f5f7f11d50a3a" className="ticketBookTest.UserSessionTest, ticketBookTest, Version=1.0.0.0, Culture=neutral, PublicKeyToken=null" name="ValidateUserTest" />
    </UnitTest>
    <UnitTest name="changePasswordTest" storage="c:\长途汽车售票（姚耀文，徐磊）\ticketbookwebsite5\ticketbooktest\bin\debug\ticketbooktest.dll" id="5ec55872-1f8e-7b8d-b15c-1dc76c5edf4b">
      <Execution id="09c6addf-dcb5-45a5-a8f3-2bea10180a4f" />
      <TestMethod codeBase="C:/长途汽车售票（姚耀文，徐磊）/TicketBookWebSite5/ticketBookTest/bin/Debug/ticketBookTest.DLL" adapterTypeName="Microsoft.VisualStudio.TestTools.TestTypes.Unit.UnitTestAdapter, Microsoft.VisualStudio.QualityTools.Tips.UnitTest.Adapter, Version=10.0.0.0, Culture=neutral, PublicKeyToken=b03f5f7f11d50a3a" className="ticketBookTest.UserSessionTest, ticketBookTest, Version=1.0.0.0, Culture=neutral, PublicKeyToken=null" name="changePasswordTest" />
    </UnitTest>
    <UnitTest name="TestMethod1" storage="c:\长途汽车售票（姚耀文，徐磊）\ticketbookwebsite5\ticketbooktest\bin\debug\ticketbooktest.dll" id="4622fdb6-a043-3a48-7e51-745a41ef2914">
      <Execution id="305d8ab1-d982-47ad-95f8-79da1eeeb812" />
      <TestMethod codeBase="C:/长途汽车售票（姚耀文，徐磊）/TicketBookWebSite5/ticketBookTest/bin/Debug/ticketBookTest.DLL" adapterTypeName="Microsoft.VisualStudio.TestTools.TestTypes.Unit.UnitTestAdapter, Microsoft.VisualStudio.QualityTools.Tips.UnitTest.Adapter, Version=10.0.0.0, Culture=neutral, PublicKeyToken=b03f5f7f11d50a3a" className="ticketBookTest.ticketfinanceText, ticketBookTest, Version=1.0.0.0, Culture=neutral, PublicKeyToken=null" name="TestMethod1" />
    </UnitTest>
    <UnitTest name="TestMethod2" storage="c:\长途汽车售票（姚耀文，徐磊）\ticketbookwebsite5\ticketbooktest\bin\debug\ticketbooktest.dll" id="826d7414-51d6-560f-0706-77f4dc95073a">
      <Execution id="858f11c3-0d6b-436d-b185-5660b6de823e" />
      <TestMethod codeBase="C:/长途汽车售票（姚耀文，徐磊）/TicketBookWebSite5/ticketBookTest/bin/Debug/ticketBookTest.DLL" adapterTypeName="Microsoft.VisualStudio.TestTools.TestTypes.Unit.UnitTestAdapter, Microsoft.VisualStudio.QualityTools.Tips.UnitTest.Adapter, Version=10.0.0.0, Culture=neutral, PublicKeyToken=b03f5f7f11d50a3a" className="ticketBookTest.UnitTest1, ticketBookTest, Version=1.0.0.0, Culture=neutral, PublicKeyToken=null" name="TestMethod2" />
    </UnitTest>
    <UnitTest name="getTicketByIDTest" storage="c:\长途汽车售票（姚耀文，徐磊）\ticketbookwebsite5\ticketbooktest\bin\debug\ticketbooktest.dll" id="18ae8939-e637-6c1f-550f-fa6650834d96">
      <Execution id="d20ed50b-2dc3-4c1e-9482-d6f6f7d87ddc" />
      <TestMethod codeBase="C:/长途汽车售票（姚耀文，徐磊）/TicketBookWebSite5/ticketBookTest/bin/Debug/ticketBookTest.DLL" adapterTypeName="Microsoft.VisualStudio.TestTools.TestTypes.Unit.UnitTestAdapter, Microsoft.VisualStudio.QualityTools.Tips.UnitTest.Adapter, Version=10.0.0.0, Culture=neutral, PublicKeyToken=b03f5f7f11d50a3a" className="ticketBookTest.ticketSessionTest, ticketBookTest, Version=1.0.0.0, Culture=neutral, PublicKeyToken=null" name="getTicketByIDTest" />
    </UnitTest>
  </TestDefinitions>
  <TestLists>
    <TestList name="列表中未列出的结果" id="8c84fa94-04c1-424b-9868-57a2d4851a1d" />
    <TestList name="所有已加载的结果" id="19431567-8539-422a-85d7-44ee4e166bda" />
  </TestLists>
  <TestEntries>
    <TestEntry testId="826d7414-51d6-560f-0706-77f4dc95073a" executionId="858f11c3-0d6b-436d-b185-5660b6de823e" testListId="8c84fa94-04c1-424b-9868-57a2d4851a1d" />
    <TestEntry testId="ec008cdd-b77f-3422-4fe3-3f3ee3035ae3" executionId="169a24c9-54ef-468a-b887-3f9c4a9ee41e" testListId="8c84fa94-04c1-424b-9868-57a2d4851a1d" />
    <TestEntry testId="3cbd35f7-7dc5-e0f4-ae17-6e1cb060f3ae" executionId="69e482a7-b7ba-4ab0-a0f9-50a1e2c59949" testListId="8c84fa94-04c1-424b-9868-57a2d4851a1d" />
    <TestEntry testId="5ec55872-1f8e-7b8d-b15c-1dc76c5edf4b" executionId="09c6addf-dcb5-45a5-a8f3-2bea10180a4f" testListId="8c84fa94-04c1-424b-9868-57a2d4851a1d" />
    <TestEntry testId="18ae8939-e637-6c1f-550f-fa6650834d96" executionId="d20ed50b-2dc3-4c1e-9482-d6f6f7d87ddc" testListId="8c84fa94-04c1-424b-9868-57a2d4851a1d" />
    <TestEntry testId="4622fdb6-a043-3a48-7e51-745a41ef2914" executionId="305d8ab1-d982-47ad-95f8-79da1eeeb812" testListId="8c84fa94-04c1-424b-9868-57a2d4851a1d" />
  </TestEntries>
  <Results>
    <UnitTestResult executionId="858f11c3-0d6b-436d-b185-5660b6de823e" testId="826d7414-51d6-560f-0706-77f4dc95073a" testName="TestMethod2" computerName="XULEI-PC" duration="00:00:02.6057967" startTime="2012-06-15T13:36:20.3299183+08:00" endTime="2012-06-15T13:36:23.9011226+08:00" testType="13cdc9d9-ddb5-4fa4-a97d-d965ccfc6d4b" outcome="Passed" testListId="8c84fa94-04c1-424b-9868-57a2d4851a1d" relativeResultsDirectory="858f11c3-0d6b-436d-b185-5660b6de823e">
    </UnitTestResult>
    <UnitTestResult executionId="169a24c9-54ef-468a-b887-3f9c4a9ee41e" testId="ec008cdd-b77f-3422-4fe3-3f3ee3035ae3" testName="saveTicketTest" computerName="XULEI-PC" duration="00:00:00.0903625" startTime="2012-06-15T13:36:23.9101231+08:00" endTime="2012-06-15T13:36:24.0301300+08:00" testType="13cdc9d9-ddb5-4fa4-a97d-d965ccfc6d4b" outcome="Passed" testListId="8c84fa94-04c1-424b-9868-57a2d4851a1d" relativeResultsDirectory="169a24c9-54ef-468a-b887-3f9c4a9ee41e">
    </UnitTestResult>
    <UnitTestResult executionId="69e482a7-b7ba-4ab0-a0f9-50a1e2c59949" testId="3cbd35f7-7dc5-e0f4-ae17-6e1cb060f3ae" testName="ValidateUserTest" computerName="XULEI-PC" duration="00:00:31.3307920" startTime="2012-06-15T13:36:24.0401305+08:00" endTime="2012-06-15T13:36:55.3709225+08:00" testType="13cdc9d9-ddb5-4fa4-a97d-d965ccfc6d4b" outcome="Aborted" testListId="8c84fa94-04c1-424b-9868-57a2d4851a1d" relativeResultsDirectory="69e482a7-b7ba-4ab0-a0f9-50a1e2c59949">
    </UnitTestResult>
    <UnitTestResult executionId="09c6addf-dcb5-45a5-a8f3-2bea10180a4f" testId="5ec55872-1f8e-7b8d-b15c-1dc76c5edf4b" testName="changePasswordTest" computerName="XULEI-PC" testType="13cdc9d9-ddb5-4fa4-a97d-d965ccfc6d4b" outcome="NotExecuted" testListId="8c84fa94-04c1-424b-9868-57a2d4851a1d" relativeResultsDirectory="09c6addf-dcb5-45a5-a8f3-2bea10180a4f">
    </UnitTestResult>
    <UnitTestResult executionId="d20ed50b-2dc3-4c1e-9482-d6f6f7d87ddc" testId="18ae8939-e637-6c1f-550f-fa6650834d96" testName="getTicketByIDTest" computerName="XULEI-PC" testType="13cdc9d9-ddb5-4fa4-a97d-d965ccfc6d4b" outcome="NotExecuted" testListId="8c84fa94-04c1-424b-9868-57a2d4851a1d" relativeResultsDirectory="d20ed50b-2dc3-4c1e-9482-d6f6f7d87ddc">
    </UnitTestResult>
    <UnitTestResult executionId="305d8ab1-d982-47ad-95f8-79da1eeeb812" testId="4622fdb6-a043-3a48-7e51-745a41ef2914" testName="TestMethod1" computerName="XULEI-PC" testType="13cdc9d9-ddb5-4fa4-a97d-d965ccfc6d4b" outcome="NotExecuted" testListId="8c84fa94-04c1-424b-9868-57a2d4851a1d" relativeResultsDirectory="305d8ab1-d982-47ad-95f8-79da1eeeb812">
    </UnitTestResult>
  </Results>
</TestRun>