<?xml version="1.0" encoding="UTF-8"?>
<TestRun id="c02a206a-5e40-4255-827b-de336028205d" name="xulei@XULEI-PC 2012-06-15 13:23:16" runUser="xulei-PC\xulei" xmlns="http://microsoft.com/schemas/VisualStudio/TeamTest/2010">
  <TestSettings name="本地" id="1ff404fe-f118-486d-b728-2179d9e1be88">
    <Description>这些设置为本地测试运行的默认测试设置。</Description>
    <Deployment enabled="false" runDeploymentRoot="xulei_XULEI-PC 2012-06-15 13_23_16">
      <DeploymentItem filename="C:\长途汽车售票（姚耀文，徐磊）\TicketBookWebSite5\DAL\bin\Debug\DAL.dll" />
      <DeploymentItem filename="C:\长途汽车售票（姚耀文，徐磊）\TicketBookWebSite5\Castle.Core.dll" />
      <DeploymentItem filename="C:\长途汽车售票（姚耀文，徐磊）\TicketBookWebSite5\castle.dynamicproxy2.dll" />
      <DeploymentItem filename="C:\长途汽车售票（姚耀文，徐磊）\TicketBookWebSite5\Iesi.Collections.dll" />
      <DeploymentItem filename="C:\长途汽车售票（姚耀文，徐磊）\TicketBookWebSite5\NHibernate.dll" />
      <DeploymentItem filename="C:\长途汽车售票（姚耀文，徐磊）\TicketBookWebSite5\NHibernate.ByteCode.Castle.dll" />
    </Deployment>
    <Execution>
      <TestTypeSpecific />
      <AgentRule name="Execution Agents">
      </AgentRule>
    </Execution>
  </TestSettings>
  <Times creation="2012-06-15T13:23:16.0920625+08:00" queuing="2012-06-15T13:23:23.0864625+08:00" start="2012-06-15T13:23:23.2994747+08:00" finish="2012-06-15T13:23:59.1525254+08:00" />
  <ResultSummary outcome="Error">
    <Counters total="7" executed="1" error="0" failed="0" timeout="0" aborted="1" inconclusive="0" passedButRunAborted="0" notRunnable="0" notExecuted="6" disconnected="0" warning="0" passed="0" completed="0" inProgress="0" pending="0" />
    <RunInfos>
      <RunInfo computerName="XULEI-PC" outcome="Error" timestamp="2012-06-15T13:23:59.1495252+08:00">
        <Text>测试宿主进程意外退出。</Text>
      </RunInfo>
    </RunInfos>
  </ResultSummary>
  <TestDefinitions>
    <UnitTest name="addTicketfinanceTest" storage="c:\长途汽车售票（姚耀文，徐磊）\ticketbookwebsite5\ticketbooktest\bin\debug\ticketbooktest.dll" id="03312413-d668-cc90-6556-2f9539542e50">
      <Execution id="5405ab71-7615-4b05-9ac0-0a783420016d" />
      <TestMethod codeBase="C:/长途汽车售票（姚耀文，徐磊）/TicketBookWebSite5/ticketBookTest/bin/Debug/ticketBookTest.DLL" adapterTypeName="Microsoft.VisualStudio.TestTools.TestTypes.Unit.UnitTestAdapter, Microsoft.VisualStudio.QualityTools.Tips.UnitTest.Adapter, Version=10.0.0.0, Culture=neutral, PublicKeyToken=b03f5f7f11d50a3a" className="ticketBookTest.ticketfinanceSessionTest, ticketBookTest, Version=1.0.0.0, Culture=neutral, PublicKeyToken=null" name="addTicketfinanceTest" />
    </UnitTest>
    <UnitTest name="saveTicketTest" storage="c:\长途汽车售票（姚耀文，徐磊）\ticketbookwebsite5\ticketbooktest\bin\debug\ticketbooktest.dll" id="ec008cdd-b77f-3422-4fe3-3f3ee3035ae3">
      <Execution id="a839c4af-5175-4968-ae9c-63579e7d4574" />
      <TestMethod codeBase="C:/长途汽车售票（姚耀文，徐磊）/TicketBookWebSite5/ticketBookTest/bin/Debug/ticketBookTest.DLL" adapterTypeName="Microsoft.VisualStudio.TestTools.TestTypes.Unit.UnitTestAdapter, Microsoft.VisualStudio.QualityTools.Tips.UnitTest.Adapter, Version=10.0.0.0, Culture=neutral, PublicKeyToken=b03f5f7f11d50a3a" className="ticketBookTest.preferentialSessionTest, ticketBookTest, Version=1.0.0.0, Culture=neutral, PublicKeyToken=null" name="saveTicketTest" />
    </UnitTest>
    <UnitTest name="ValidateUserTest" storage="c:\长途汽车售票（姚耀文，徐磊）\ticketbookwebsite5\ticketbooktest\bin\debug\ticketbooktest.dll" id="3cbd35f7-7dc5-e0f4-ae17-6e1cb060f3ae">
      <Execution id="82bb5e06-f9b3-445f-9417-9d32dbe5c2a9" />
      <TestMethod codeBase="C:/长途汽车售票（姚耀文，徐磊）/TicketBookWebSite5/ticketBookTest/bin/Debug/ticketBookTest.DLL" adapterTypeName="Microsoft.VisualStudio.TestTools.TestTypes.Unit.UnitTestAdapter, Microsoft.VisualStudio.QualityTools.Tips.UnitTest.Adapter, Version=10.0.0.0, Culture=neutral, PublicKeyToken=b03f5f7f11d50a3a" className="ticketBookTest.UserSessionTest, ticketBookTest, Version=1.0.0.0, Culture=neutral, PublicKeyToken=null" name="ValidateUserTest" />
    </UnitTest>
    <UnitTest name="changePasswordTest" storage="c:\长途汽车售票（姚耀文，徐磊）\ticketbookwebsite5\ticketbooktest\bin\debug\ticketbooktest.dll" id="5ec55872-1f8e-7b8d-b15c-1dc76c5edf4b">
      <Execution id="476a58f3-ae9d-4155-a5d3-d46772aed0ca" />
      <TestMethod codeBase="C:/长途汽车售票（姚耀文，徐磊）/TicketBookWebSite5/ticketBookTest/bin/Debug/ticketBookTest.DLL" adapterTypeName="Microsoft.VisualStudio.TestTools.TestTypes.Unit.UnitTestAdapter, Microsoft.VisualStudio.QualityTools.Tips.UnitTest.Adapter, Version=10.0.0.0, Culture=neutral, PublicKeyToken=b03f5f7f11d50a3a" className="ticketBookTest.UserSessionTest, ticketBookTest, Version=1.0.0.0, Culture=neutral, PublicKeyToken=null" name="changePasswordTest" />
    </UnitTest>
    <UnitTest name="TestMethod1" storage="c:\长途汽车售票（姚耀文，徐磊）\ticketbookwebsite5\ticketbooktest\bin\debug\ticketbooktest.dll" id="4622fdb6-a043-3a48-7e51-745a41ef2914">
      <Execution id="db965210-1177-45b2-af75-e494476d9fdd" />
      <TestMethod codeBase="C:/长途汽车售票（姚耀文，徐磊）/TicketBookWebSite5/ticketBookTest/bin/Debug/ticketBookTest.DLL" adapterTypeName="Microsoft.VisualStudio.TestTools.TestTypes.Unit.UnitTestAdapter, Microsoft.VisualStudio.QualityTools.Tips.UnitTest.Adapter, Version=10.0.0.0, Culture=neutral, PublicKeyToken=b03f5f7f11d50a3a" className="ticketBookTest.ticketfinanceText, ticketBookTest, Version=1.0.0.0, Culture=neutral, PublicKeyToken=null" name="TestMethod1" />
    </UnitTest>
    <UnitTest name="TestMethod2" storage="c:\长途汽车售票（姚耀文，徐磊）\ticketbookwebsite5\ticketbooktest\bin\debug\ticketbooktest.dll" id="826d7414-51d6-560f-0706-77f4dc95073a">
      <Execution id="7bdb6892-6f5c-4129-a1a4-af5ef22af852" />
      <TestMethod codeBase="C:/长途汽车售票（姚耀文，徐磊）/TicketBookWebSite5/ticketBookTest/bin/Debug/ticketBookTest.DLL" adapterTypeName="Microsoft.VisualStudio.TestTools.TestTypes.Unit.UnitTestAdapter, Microsoft.VisualStudio.QualityTools.Tips.UnitTest.Adapter, Version=10.0.0.0, Culture=neutral, PublicKeyToken=b03f5f7f11d50a3a" className="ticketBookTest.UnitTest1, ticketBookTest, Version=1.0.0.0, Culture=neutral, PublicKeyToken=null" name="TestMethod2" />
    </UnitTest>
    <UnitTest name="getTicketByIDTest" storage="c:\长途汽车售票（姚耀文，徐磊）\ticketbookwebsite5\ticketbooktest\bin\debug\ticketbooktest.dll" id="18ae8939-e637-6c1f-550f-fa6650834d96">
      <Execution id="f14fa555-3037-4c5d-bce4-2c5f7dc7fc18" />
      <TestMethod codeBase="C:/长途汽车售票（姚耀文，徐磊）/TicketBookWebSite5/ticketBookTest/bin/Debug/ticketBookTest.DLL" adapterTypeName="Microsoft.VisualStudio.TestTools.TestTypes.Unit.UnitTestAdapter, Microsoft.VisualStudio.QualityTools.Tips.UnitTest.Adapter, Version=10.0.0.0, Culture=neutral, PublicKeyToken=b03f5f7f11d50a3a" className="ticketBookTest.ticketSessionTest, ticketBookTest, Version=1.0.0.0, Culture=neutral, PublicKeyToken=null" name="getTicketByIDTest" />
    </UnitTest>
  </TestDefinitions>
  <TestLists>
    <TestList name="列表中未列出的结果" id="8c84fa94-04c1-424b-9868-57a2d4851a1d" />
    <TestList name="所有已加载的结果" id="19431567-8539-422a-85d7-44ee4e166bda" />
  </TestLists>
  <TestEntries>
    <TestEntry testId="826d7414-51d6-560f-0706-77f4dc95073a" executionId="7bdb6892-6f5c-4129-a1a4-af5ef22af852" testListId="8c84fa94-04c1-424b-9868-57a2d4851a1d" />
    <TestEntry testId="ec008cdd-b77f-3422-4fe3-3f3ee3035ae3" executionId="a839c4af-5175-4968-ae9c-63579e7d4574" testListId="8c84fa94-04c1-424b-9868-57a2d4851a1d" />
    <TestEntry testId="3cbd35f7-7dc5-e0f4-ae17-6e1cb060f3ae" executionId="82bb5e06-f9b3-445f-9417-9d32dbe5c2a9" testListId="8c84fa94-04c1-424b-9868-57a2d4851a1d" />
    <TestEntry testId="5ec55872-1f8e-7b8d-b15c-1dc76c5edf4b" executionId="476a58f3-ae9d-4155-a5d3-d46772aed0ca" testListId="8c84fa94-04c1-424b-9868-57a2d4851a1d" />
    <TestEntry testId="18ae8939-e637-6c1f-550f-fa6650834d96" executionId="f14fa555-3037-4c5d-bce4-2c5f7dc7fc18" testListId="8c84fa94-04c1-424b-9868-57a2d4851a1d" />
    <TestEntry testId="4622fdb6-a043-3a48-7e51-745a41ef2914" executionId="db965210-1177-45b2-af75-e494476d9fdd" testListId="8c84fa94-04c1-424b-9868-57a2d4851a1d" />
    <TestEntry testId="03312413-d668-cc90-6556-2f9539542e50" executionId="5405ab71-7615-4b05-9ac0-0a783420016d" testListId="8c84fa94-04c1-424b-9868-57a2d4851a1d" />
  </TestEntries>
  <Results>
    <UnitTestResult executionId="7bdb6892-6f5c-4129-a1a4-af5ef22af852" testId="826d7414-51d6-560f-0706-77f4dc95073a" testName="TestMethod2" computerName="XULEI-PC" duration="00:00:35.6660399" startTime="2012-06-15T13:23:23.4854854+08:00" endTime="2012-06-15T13:23:59.1515253+08:00" testType="13cdc9d9-ddb5-4fa4-a97d-d965ccfc6d4b" outcome="Aborted" testListId="8c84fa94-04c1-424b-9868-57a2d4851a1d" relativeResultsDirectory="7bdb6892-6f5c-4129-a1a4-af5ef22af852">
    </UnitTestResult>
    <UnitTestResult executionId="a839c4af-5175-4968-ae9c-63579e7d4574" testId="ec008cdd-b77f-3422-4fe3-3f3ee3035ae3" testName="saveTicketTest" computerName="XULEI-PC" testType="13cdc9d9-ddb5-4fa4-a97d-d965ccfc6d4b" outcome="NotExecuted" testListId="8c84fa94-04c1-424b-9868-57a2d4851a1d" relativeResultsDirectory="a839c4af-5175-4968-ae9c-63579e7d4574">
    </UnitTestResult>
    <UnitTestResult executionId="82bb5e06-f9b3-445f-9417-9d32dbe5c2a9" testId="3cbd35f7-7dc5-e0f4-ae17-6e1cb060f3ae" testName="ValidateUserTest" computerName="XULEI-PC" testType="13cdc9d9-ddb5-4fa4-a97d-d965ccfc6d4b" outcome="NotExecuted" testListId="8c84fa94-04c1-424b-9868-57a2d4851a1d" relativeResultsDirectory="82bb5e06-f9b3-445f-9417-9d32dbe5c2a9">
    </UnitTestResult>
    <UnitTestResult executionId="476a58f3-ae9d-4155-a5d3-d46772aed0ca" testId="5ec55872-1f8e-7b8d-b15c-1dc76c5edf4b" testName="changePasswordTest" computerName="XULEI-PC" testType="13cdc9d9-ddb5-4fa4-a97d-d965ccfc6d4b" outcome="NotExecuted" testListId="8c84fa94-04c1-424b-9868-57a2d4851a1d" relativeResultsDirectory="476a58f3-ae9d-4155-a5d3-d46772aed0ca">
    </UnitTestResult>
    <UnitTestResult executionId="f14fa555-3037-4c5d-bce4-2c5f7dc7fc18" testId="18ae8939-e637-6c1f-550f-fa6650834d96" testName="getTicketByIDTest" computerName="XULEI-PC" testType="13cdc9d9-ddb5-4fa4-a97d-d965ccfc6d4b" outcome="NotExecuted" testListId="8c84fa94-04c1-424b-9868-57a2d4851a1d" relativeResultsDirectory="f14fa555-3037-4c5d-bce4-2c5f7dc7fc18">
    </UnitTestResult>
    <UnitTestResult executionId="db965210-1177-45b2-af75-e494476d9fdd" testId="4622fdb6-a043-3a48-7e51-745a41ef2914" testName="TestMethod1" computerName="XULEI-PC" testType="13cdc9d9-ddb5-4fa4-a97d-d965ccfc6d4b" outcome="NotExecuted" testListId="8c84fa94-04c1-424b-9868-57a2d4851a1d" relativeResultsDirectory="db965210-1177-45b2-af75-e494476d9fdd">
    </UnitTestResult>
    <UnitTestResult executionId="5405ab71-7615-4b05-9ac0-0a783420016d" testId="03312413-d668-cc90-6556-2f9539542e50" testName="addTicketfinanceTest" computerName="XULEI-PC" testType="13cdc9d9-ddb5-4fa4-a97d-d965ccfc6d4b" outcome="NotExecuted" testListId="8c84fa94-04c1-424b-9868-57a2d4851a1d" relativeResultsDirectory="5405ab71-7615-4b05-9ac0-0a783420016d">
    </UnitTestResult>
  </Results>
</TestRun>