<?xml version="1.0" encoding="UTF-8"?>
<TestRun id="55895dc2-924e-4002-89bb-b821c5887828" name="xulei@XULEI-PC 2012-06-15 13:33:40" runUser="xulei-PC\xulei" xmlns="http://microsoft.com/schemas/VisualStudio/TeamTest/2010">
  <TestSettings name="本地" id="1ff404fe-f118-486d-b728-2179d9e1be88">
    <Description>这些设置为本地测试运行的默认测试设置。</Description>
    <Deployment enabled="false" runDeploymentRoot="xulei_XULEI-PC 2012-06-15 13_33_40">
      <DeploymentItem filename="C:\长途汽车售票（姚耀文，徐磊）\TicketBookWebSite5\DAL\bin\Debug\DAL.dll" />
      <DeploymentItem filename="C:\长途汽车售票（姚耀文，徐磊）\TicketBookWebSite5\Castle.Core.dll" />
      <DeploymentItem filename="C:\长途汽车售票（姚耀文，徐磊）\TicketBookWebSite5\castle.dynamicproxy2.dll" />
      <DeploymentItem filename="C:\长途汽车售票（姚耀文，徐磊）\TicketBookWebSite5\Iesi.Collections.dll" />
      <DeploymentItem filename="C:\长途汽车售票（姚耀文，徐磊）\TicketBookWebSite5\NHibernate.dll" />
      <DeploymentItem filename="C:\长途汽车售票（姚耀文，徐磊）\TicketBookWebSite5\NHibernate.ByteCode.Castle.dll" />
    </Deployment>
    <Execution>
      <TestTypeSpecific />
      <AgentRule name="Execution Agents">
      </AgentRule>
    </Execution>
  </TestSettings>
  <Times creation="2012-06-15T13:33:40.3067655+08:00" queuing="2012-06-15T13:33:47.4831760+08:00" start="2012-06-15T13:33:47.7021885+08:00" finish="2012-06-15T13:34:07.3723136+08:00" />
  <ResultSummary outcome="Error">
    <Counters total="7" executed="7" passed="6" error="0" failed="0" timeout="0" aborted="1" inconclusive="0" passedButRunAborted="0" notRunnable="0" notExecuted="0" disconnected="0" warning="0" completed="0" inProgress="0" pending="0" />
    <RunInfos>
      <RunInfo computerName="XULEI-PC" outcome="Error" timestamp="2012-06-15T13:34:07.3683133+08:00">
        <Text>测试宿主进程意外退出。</Text>
      </RunInfo>
    </RunInfos>
  </ResultSummary>
  <TestDefinitions>
    <UnitTest name="addTicketfinanceTest" storage="c:\长途汽车售票（姚耀文，徐磊）\ticketbookwebsite5\ticketbooktest\bin\debug\ticketbooktest.dll" id="03312413-d668-cc90-6556-2f9539542e50">
      <Execution id="b11a6264-9802-4640-bc7b-db6e5ca548a1" />
      <TestMethod codeBase="C:/长途汽车售票（姚耀文，徐磊）/TicketBookWebSite5/ticketBookTest/bin/Debug/ticketBookTest.DLL" adapterTypeName="Microsoft.VisualStudio.TestTools.TestTypes.Unit.UnitTestAdapter, Microsoft.VisualStudio.QualityTools.Tips.UnitTest.Adapter, Version=10.0.0.0, Culture=neutral, PublicKeyToken=b03f5f7f11d50a3a" className="ticketBookTest.ticketfinanceSessionTest, ticketBookTest, Version=1.0.0.0, Culture=neutral, PublicKeyToken=null" name="addTicketfinanceTest" />
    </UnitTest>
    <UnitTest name="saveTicketTest" storage="c:\长途汽车售票（姚耀文，徐磊）\ticketbookwebsite5\ticketbooktest\bin\debug\ticketbooktest.dll" id="ec008cdd-b77f-3422-4fe3-3f3ee3035ae3">
      <Execution id="f10c8f4d-ab9d-42fb-abbc-f499b96aa1c0" />
      <TestMethod codeBase="C:/长途汽车售票（姚耀文，徐磊）/TicketBookWebSite5/ticketBookTest/bin/Debug/ticketBookTest.DLL" adapterTypeName="Microsoft.VisualStudio.TestTools.TestTypes.Unit.UnitTestAdapter, Microsoft.VisualStudio.QualityTools.Tips.UnitTest.Adapter, Version=10.0.0.0, Culture=neutral, PublicKeyToken=b03f5f7f11d50a3a" className="ticketBookTest.preferentialSessionTest, ticketBookTest, Version=1.0.0.0, Culture=neutral, PublicKeyToken=null" name="saveTicketTest" />
    </UnitTest>
    <UnitTest name="ValidateUserTest" storage="c:\长途汽车售票（姚耀文，徐磊）\ticketbookwebsite5\ticketbooktest\bin\debug\ticketbooktest.dll" id="3cbd35f7-7dc5-e0f4-ae17-6e1cb060f3ae">
      <Execution id="1bf29858-4b4a-4b30-b9b3-db6d1c95b770" />
      <TestMethod codeBase="C:/长途汽车售票（姚耀文，徐磊）/TicketBookWebSite5/ticketBookTest/bin/Debug/ticketBookTest.DLL" adapterTypeName="Microsoft.VisualStudio.TestTools.TestTypes.Unit.UnitTestAdapter, Microsoft.VisualStudio.QualityTools.Tips.UnitTest.Adapter, Version=10.0.0.0, Culture=neutral, PublicKeyToken=b03f5f7f11d50a3a" className="ticketBookTest.UserSessionTest, ticketBookTest, Version=1.0.0.0, Culture=neutral, PublicKeyToken=null" name="ValidateUserTest" />
    </UnitTest>
    <UnitTest name="changePasswordTest" storage="c:\长途汽车售票（姚耀文，徐磊）\ticketbookwebsite5\ticketbooktest\bin\debug\ticketbooktest.dll" id="5ec55872-1f8e-7b8d-b15c-1dc76c5edf4b">
      <Execution id="68b613ce-d7f7-4939-95c3-eb6f4a734e5b" />
      <TestMethod codeBase="C:/长途汽车售票（姚耀文，徐磊）/TicketBookWebSite5/ticketBookTest/bin/Debug/ticketBookTest.DLL" adapterTypeName="Microsoft.VisualStudio.TestTools.TestTypes.Unit.UnitTestAdapter, Microsoft.VisualStudio.QualityTools.Tips.UnitTest.Adapter, Version=10.0.0.0, Culture=neutral, PublicKeyToken=b03f5f7f11d50a3a" className="ticketBookTest.UserSessionTest, ticketBookTest, Version=1.0.0.0, Culture=neutral, PublicKeyToken=null" name="changePasswordTest" />
    </UnitTest>
    <UnitTest name="TestMethod1" storage="c:\长途汽车售票（姚耀文，徐磊）\ticketbookwebsite5\ticketbooktest\bin\debug\ticketbooktest.dll" id="4622fdb6-a043-3a48-7e51-745a41ef2914">
      <Execution id="6217da84-5c3e-4694-8100-8d2b568e871a" />
      <TestMethod codeBase="C:/长途汽车售票（姚耀文，徐磊）/TicketBookWebSite5/ticketBookTest/bin/Debug/ticketBookTest.DLL" adapterTypeName="Microsoft.VisualStudio.TestTools.TestTypes.Unit.UnitTestAdapter, Microsoft.VisualStudio.QualityTools.Tips.UnitTest.Adapter, Version=10.0.0.0, Culture=neutral, PublicKeyToken=b03f5f7f11d50a3a" className="ticketBookTest.ticketfinanceText, ticketBookTest, Version=1.0.0.0, Culture=neutral, PublicKeyToken=null" name="TestMethod1" />
    </UnitTest>
    <UnitTest name="TestMethod2" storage="c:\长途汽车售票（姚耀文，徐磊）\ticketbookwebsite5\ticketbooktest\bin\debug\ticketbooktest.dll" id="826d7414-51d6-560f-0706-77f4dc95073a">
      <Execution id="b71a445d-16f9-44ca-bc30-2393c583d0b6" />
      <TestMethod codeBase="C:/长途汽车售票（姚耀文，徐磊）/TicketBookWebSite5/ticketBookTest/bin/Debug/ticketBookTest.DLL" adapterTypeName="Microsoft.VisualStudio.TestTools.TestTypes.Unit.UnitTestAdapter, Microsoft.VisualStudio.QualityTools.Tips.UnitTest.Adapter, Version=10.0.0.0, Culture=neutral, PublicKeyToken=b03f5f7f11d50a3a" className="ticketBookTest.UnitTest1, ticketBookTest, Version=1.0.0.0, Culture=neutral, PublicKeyToken=null" name="TestMethod2" />
    </UnitTest>
    <UnitTest name="getTicketByIDTest" storage="c:\长途汽车售票（姚耀文，徐磊）\ticketbookwebsite5\ticketbooktest\bin\debug\ticketbooktest.dll" id="18ae8939-e637-6c1f-550f-fa6650834d96">
      <Execution id="d9d0e77f-c236-4098-8652-a958b32a125c" />
      <TestMethod codeBase="C:/长途汽车售票（姚耀文，徐磊）/TicketBookWebSite5/ticketBookTest/bin/Debug/ticketBookTest.DLL" adapterTypeName="Microsoft.VisualStudio.TestTools.TestTypes.Unit.UnitTestAdapter, Microsoft.VisualStudio.QualityTools.Tips.UnitTest.Adapter, Version=10.0.0.0, Culture=neutral, PublicKeyToken=b03f5f7f11d50a3a" className="ticketBookTest.ticketSessionTest, ticketBookTest, Version=1.0.0.0, Culture=neutral, PublicKeyToken=null" name="getTicketByIDTest" />
    </UnitTest>
  </TestDefinitions>
  <TestLists>
    <TestList name="列表中未列出的结果" id="8c84fa94-04c1-424b-9868-57a2d4851a1d" />
    <TestList name="所有已加载的结果" id="19431567-8539-422a-85d7-44ee4e166bda" />
  </TestLists>
  <TestEntries>
    <TestEntry testId="826d7414-51d6-560f-0706-77f4dc95073a" executionId="b71a445d-16f9-44ca-bc30-2393c583d0b6" testListId="8c84fa94-04c1-424b-9868-57a2d4851a1d" />
    <TestEntry testId="ec008cdd-b77f-3422-4fe3-3f3ee3035ae3" executionId="f10c8f4d-ab9d-42fb-abbc-f499b96aa1c0" testListId="8c84fa94-04c1-424b-9868-57a2d4851a1d" />
    <TestEntry testId="3cbd35f7-7dc5-e0f4-ae17-6e1cb060f3ae" executionId="1bf29858-4b4a-4b30-b9b3-db6d1c95b770" testListId="8c84fa94-04c1-424b-9868-57a2d4851a1d" />
    <TestEntry testId="5ec55872-1f8e-7b8d-b15c-1dc76c5edf4b" executionId="68b613ce-d7f7-4939-95c3-eb6f4a734e5b" testListId="8c84fa94-04c1-424b-9868-57a2d4851a1d" />
    <TestEntry testId="18ae8939-e637-6c1f-550f-fa6650834d96" executionId="d9d0e77f-c236-4098-8652-a958b32a125c" testListId="8c84fa94-04c1-424b-9868-57a2d4851a1d" />
    <TestEntry testId="4622fdb6-a043-3a48-7e51-745a41ef2914" executionId="6217da84-5c3e-4694-8100-8d2b568e871a" testListId="8c84fa94-04c1-424b-9868-57a2d4851a1d" />
    <TestEntry testId="03312413-d668-cc90-6556-2f9539542e50" executionId="b11a6264-9802-4640-bc7b-db6e5ca548a1" testListId="8c84fa94-04c1-424b-9868-57a2d4851a1d" />
  </TestEntries>
  <Results>
    <UnitTestResult executionId="b71a445d-16f9-44ca-bc30-2393c583d0b6" testId="826d7414-51d6-560f-0706-77f4dc95073a" testName="TestMethod2" computerName="XULEI-PC" duration="00:00:02.5901552" startTime="2012-06-15T13:33:47.8891992+08:00" endTime="2012-06-15T13:33:51.3423967+08:00" testType="13cdc9d9-ddb5-4fa4-a97d-d965ccfc6d4b" outcome="Passed" testListId="8c84fa94-04c1-424b-9868-57a2d4851a1d" relativeResultsDirectory="b71a445d-16f9-44ca-bc30-2393c583d0b6">
    </UnitTestResult>
    <UnitTestResult executionId="f10c8f4d-ab9d-42fb-abbc-f499b96aa1c0" testId="ec008cdd-b77f-3422-4fe3-3f3ee3035ae3" testName="saveTicketTest" computerName="XULEI-PC" duration="00:00:00.1135260" startTime="2012-06-15T13:33:51.3573976+08:00" endTime="2012-06-15T13:33:51.4864050+08:00" testType="13cdc9d9-ddb5-4fa4-a97d-d965ccfc6d4b" outcome="Passed" testListId="8c84fa94-04c1-424b-9868-57a2d4851a1d" relativeResultsDirectory="f10c8f4d-ab9d-42fb-abbc-f499b96aa1c0">
    </UnitTestResult>
    <UnitTestResult executionId="1bf29858-4b4a-4b30-b9b3-db6d1c95b770" testId="3cbd35f7-7dc5-e0f4-ae17-6e1cb060f3ae" testName="ValidateUserTest" computerName="XULEI-PC" duration="00:00:00.0514801" startTime="2012-06-15T13:33:51.5034059+08:00" endTime="2012-06-15T13:33:51.5694097+08:00" testType="13cdc9d9-ddb5-4fa4-a97d-d965ccfc6d4b" outcome="Passed" testListId="8c84fa94-04c1-424b-9868-57a2d4851a1d" relativeResultsDirectory="1bf29858-4b4a-4b30-b9b3-db6d1c95b770">
    </UnitTestResult>
    <UnitTestResult executionId="68b613ce-d7f7-4939-95c3-eb6f4a734e5b" testId="5ec55872-1f8e-7b8d-b15c-1dc76c5edf4b" testName="changePasswordTest" computerName="XULEI-PC" duration="00:00:00.2052552" startTime="2012-06-15T13:33:51.6104120+08:00" endTime="2012-06-15T13:33:51.8424253+08:00" testType="13cdc9d9-ddb5-4fa4-a97d-d965ccfc6d4b" outcome="Passed" testListId="8c84fa94-04c1-424b-9868-57a2d4851a1d" relativeResultsDirectory="68b613ce-d7f7-4939-95c3-eb6f4a734e5b">
    </UnitTestResult>
    <UnitTestResult executionId="d9d0e77f-c236-4098-8652-a958b32a125c" testId="18ae8939-e637-6c1f-550f-fa6650834d96" testName="getTicketByIDTest" computerName="XULEI-PC" duration="00:00:00.0066240" startTime="2012-06-15T13:33:51.8534259+08:00" endTime="2012-06-15T13:33:51.8774273+08:00" testType="13cdc9d9-ddb5-4fa4-a97d-d965ccfc6d4b" outcome="Passed" testListId="8c84fa94-04c1-424b-9868-57a2d4851a1d" relativeResultsDirectory="d9d0e77f-c236-4098-8652-a958b32a125c">
    </UnitTestResult>
    <UnitTestResult executionId="6217da84-5c3e-4694-8100-8d2b568e871a" testId="4622fdb6-a043-3a48-7e51-745a41ef2914" testName="TestMethod1" computerName="XULEI-PC" duration="00:00:00.0054099" startTime="2012-06-15T13:33:51.8884279+08:00" endTime="2012-06-15T13:33:51.9094292+08:00" testType="13cdc9d9-ddb5-4fa4-a97d-d965ccfc6d4b" outcome="Passed" testListId="8c84fa94-04c1-424b-9868-57a2d4851a1d" relativeResultsDirectory="6217da84-5c3e-4694-8100-8d2b568e871a">
    </UnitTestResult>
    <UnitTestResult executionId="b11a6264-9802-4640-bc7b-db6e5ca548a1" testId="03312413-d668-cc90-6556-2f9539542e50" testName="addTicketfinanceTest" computerName="XULEI-PC" duration="00:00:15.4458835" startTime="2012-06-15T13:33:51.9264301+08:00" endTime="2012-06-15T13:34:07.3723136+08:00" testType="13cdc9d9-ddb5-4fa4-a97d-d965ccfc6d4b" outcome="Aborted" testListId="8c84fa94-04c1-424b-9868-57a2d4851a1d" relativeResultsDirectory="b11a6264-9802-4640-bc7b-db6e5ca548a1">
    </UnitTestResult>
  </Results>
</TestRun>