<?xml version="1.0" encoding="UTF-8"?>
<TestRun id="00373f8a-8e55-44e5-8abc-c9d0ced40484" name="yaowen@YAOWEN-PC 2012-06-14 16:00:31" runUser="yaowen-PC\yaowen" xmlns="http://microsoft.com/schemas/VisualStudio/TeamTest/2010">
  <TestSettings name="本地" id="1ff404fe-f118-486d-b728-2179d9e1be88">
    <Description>这些设置为本地测试运行的默认测试设置。</Description>
    <Deployment enabled="false" runDeploymentRoot="yaowen_YAOWEN-PC 2012-06-14 16_00_31">
      <DeploymentItem filename="C:\Users\yaowen\Desktop\新建文件夹 (2)\TicketBookWebSite4\NHibernate.ByteCode.Castle.dll" />
      <DeploymentItem filename="C:\Users\yaowen\Desktop\新建文件夹 (2)\TicketBookWebSite4\DAL\bin\Debug\DAL.dll" />
      <DeploymentItem filename="C:\Users\yaowen\Desktop\新建文件夹 (2)\TicketBookWebSite4\castle.dynamicproxy2.dll" />
      <DeploymentItem filename="C:\Users\yaowen\Desktop\新建文件夹 (2)\TicketBookWebSite4\Iesi.Collections.dll" />
      <DeploymentItem filename="C:\Users\yaowen\Desktop\新建文件夹 (2)\TicketBookWebSite4\Castle.Core.dll" />
      <DeploymentItem filename="C:\Users\yaowen\Desktop\新建文件夹 (2)\TicketBookWebSite4\NHibernate.dll" />
    </Deployment>
    <Execution>
      <TestTypeSpecific />
      <AgentRule name="Execution Agents">
      </AgentRule>
    </Execution>
  </TestSettings>
  <Times creation="2012-06-14T16:00:31.9972273+08:00" queuing="2012-06-14T16:00:34.2573566+08:00" start="2012-06-14T16:00:34.4813694+08:00" finish="2012-06-14T16:00:46.3510483+08:00" />
  <ResultSummary outcome="Failed">
    <Counters total="6" executed="6" passed="3" error="0" failed="3" timeout="0" aborted="0" inconclusive="0" passedButRunAborted="0" notRunnable="0" notExecuted="0" disconnected="0" warning="0" completed="0" inProgress="0" pending="0" />
  </ResultSummary>
  <TestDefinitions>
    <UnitTest name="saveTicketTest" storage="c:\users\yaowen\desktop\新建文件夹 (2)\ticketbookwebsite4\ticketbooktest\bin\debug\ticketbooktest.dll" id="ec008cdd-b77f-3422-4fe3-3f3ee3035ae3">
      <Execution id="1fecb644-7990-441b-983a-20afe20561bd" />
      <TestMethod codeBase="C:/Users/yaowen/Desktop/新建文件夹 (2)/TicketBookWebSite4/ticketBookTest/bin/Debug/ticketBookTest.DLL" adapterTypeName="Microsoft.VisualStudio.TestTools.TestTypes.Unit.UnitTestAdapter, Microsoft.VisualStudio.QualityTools.Tips.UnitTest.Adapter, Version=10.0.0.0, Culture=neutral, PublicKeyToken=b03f5f7f11d50a3a" className="ticketBookTest.preferentialSessionTest, ticketBookTest, Version=1.0.0.0, Culture=neutral, PublicKeyToken=null" name="saveTicketTest" />
    </UnitTest>
    <UnitTest name="ValidateUserTest" storage="c:\users\yaowen\desktop\新建文件夹 (2)\ticketbookwebsite4\ticketbooktest\bin\debug\ticketbooktest.dll" id="3cbd35f7-7dc5-e0f4-ae17-6e1cb060f3ae">
      <Execution id="8ebc1ddd-2527-4e43-b2fe-797b253b63c9" />
      <TestMethod codeBase="C:/Users/yaowen/Desktop/新建文件夹 (2)/TicketBookWebSite4/ticketBookTest/bin/Debug/ticketBookTest.DLL" adapterTypeName="Microsoft.VisualStudio.TestTools.TestTypes.Unit.UnitTestAdapter, Microsoft.VisualStudio.QualityTools.Tips.UnitTest.Adapter, Version=10.0.0.0, Culture=neutral, PublicKeyToken=b03f5f7f11d50a3a" className="ticketBookTest.UserSessionTest, ticketBookTest, Version=1.0.0.0, Culture=neutral, PublicKeyToken=null" name="ValidateUserTest" />
    </UnitTest>
    <UnitTest name="changePasswordTest" storage="c:\users\yaowen\desktop\新建文件夹 (2)\ticketbookwebsite4\ticketbooktest\bin\debug\ticketbooktest.dll" id="5ec55872-1f8e-7b8d-b15c-1dc76c5edf4b">
      <Execution id="2c4b6396-889e-403a-8981-c3fa112622d3" />
      <TestMethod codeBase="C:/Users/yaowen/Desktop/新建文件夹 (2)/TicketBookWebSite4/ticketBookTest/bin/Debug/ticketBookTest.DLL" adapterTypeName="Microsoft.VisualStudio.TestTools.TestTypes.Unit.UnitTestAdapter, Microsoft.VisualStudio.QualityTools.Tips.UnitTest.Adapter, Version=10.0.0.0, Culture=neutral, PublicKeyToken=b03f5f7f11d50a3a" className="ticketBookTest.UserSessionTest, ticketBookTest, Version=1.0.0.0, Culture=neutral, PublicKeyToken=null" name="changePasswordTest" />
    </UnitTest>
    <UnitTest name="TestMethod2" storage="c:\users\yaowen\desktop\新建文件夹 (2)\ticketbookwebsite4\ticketbooktest\bin\debug\ticketbooktest.dll" id="826d7414-51d6-560f-0706-77f4dc95073a">
      <Execution id="3488cd31-6dd6-411c-9831-da45e3f8e0ed" />
      <TestMethod codeBase="C:/Users/yaowen/Desktop/新建文件夹 (2)/TicketBookWebSite4/ticketBookTest/bin/Debug/ticketBookTest.DLL" adapterTypeName="Microsoft.VisualStudio.TestTools.TestTypes.Unit.UnitTestAdapter, Microsoft.VisualStudio.QualityTools.Tips.UnitTest.Adapter, Version=10.0.0.0, Culture=neutral, PublicKeyToken=b03f5f7f11d50a3a" className="ticketBookTest.UnitTest1, ticketBookTest, Version=1.0.0.0, Culture=neutral, PublicKeyToken=null" name="TestMethod2" />
    </UnitTest>
    <UnitTest name="TestMethod1" storage="c:\users\yaowen\desktop\新建文件夹 (2)\ticketbookwebsite4\ticketbooktest\bin\debug\ticketbooktest.dll" id="4622fdb6-a043-3a48-7e51-745a41ef2914">
      <Execution id="bf9cf43b-fed6-46e3-ade4-10fed82255c3" />
      <TestMethod codeBase="C:/Users/yaowen/Desktop/新建文件夹 (2)/TicketBookWebSite4/ticketBookTest/bin/Debug/ticketBookTest.DLL" adapterTypeName="Microsoft.VisualStudio.TestTools.TestTypes.Unit.UnitTestAdapter, Microsoft.VisualStudio.QualityTools.Tips.UnitTest.Adapter, Version=10.0.0.0, Culture=neutral, PublicKeyToken=b03f5f7f11d50a3a" className="ticketBookTest.ticketfinanceText, ticketBookTest, Version=1.0.0.0, Culture=neutral, PublicKeyToken=null" name="TestMethod1" />
    </UnitTest>
    <UnitTest name="getTicketByIDTest" storage="c:\users\yaowen\desktop\新建文件夹 (2)\ticketbookwebsite4\ticketbooktest\bin\debug\ticketbooktest.dll" id="18ae8939-e637-6c1f-550f-fa6650834d96">
      <Execution id="1b8f5b99-e140-4e66-9ddf-5f36fa772b0b" />
      <TestMethod codeBase="C:/Users/yaowen/Desktop/新建文件夹 (2)/TicketBookWebSite4/ticketBookTest/bin/Debug/ticketBookTest.DLL" adapterTypeName="Microsoft.VisualStudio.TestTools.TestTypes.Unit.UnitTestAdapter, Microsoft.VisualStudio.QualityTools.Tips.UnitTest.Adapter, Version=10.0.0.0, Culture=neutral, PublicKeyToken=b03f5f7f11d50a3a" className="ticketBookTest.ticketSessionTest, ticketBookTest, Version=1.0.0.0, Culture=neutral, PublicKeyToken=null" name="getTicketByIDTest" />
    </UnitTest>
  </TestDefinitions>
  <TestLists>
    <TestList name="列表中未列出的结果" id="8c84fa94-04c1-424b-9868-57a2d4851a1d" />
    <TestList name="所有已加载的结果" id="19431567-8539-422a-85d7-44ee4e166bda" />
  </TestLists>
  <TestEntries>
    <TestEntry testId="18ae8939-e637-6c1f-550f-fa6650834d96" executionId="1b8f5b99-e140-4e66-9ddf-5f36fa772b0b" testListId="8c84fa94-04c1-424b-9868-57a2d4851a1d" />
    <TestEntry testId="3cbd35f7-7dc5-e0f4-ae17-6e1cb060f3ae" executionId="8ebc1ddd-2527-4e43-b2fe-797b253b63c9" testListId="8c84fa94-04c1-424b-9868-57a2d4851a1d" />
    <TestEntry testId="5ec55872-1f8e-7b8d-b15c-1dc76c5edf4b" executionId="2c4b6396-889e-403a-8981-c3fa112622d3" testListId="8c84fa94-04c1-424b-9868-57a2d4851a1d" />
    <TestEntry testId="826d7414-51d6-560f-0706-77f4dc95073a" executionId="3488cd31-6dd6-411c-9831-da45e3f8e0ed" testListId="8c84fa94-04c1-424b-9868-57a2d4851a1d" />
    <TestEntry testId="4622fdb6-a043-3a48-7e51-745a41ef2914" executionId="bf9cf43b-fed6-46e3-ade4-10fed82255c3" testListId="8c84fa94-04c1-424b-9868-57a2d4851a1d" />
    <TestEntry testId="ec008cdd-b77f-3422-4fe3-3f3ee3035ae3" executionId="1fecb644-7990-441b-983a-20afe20561bd" testListId="8c84fa94-04c1-424b-9868-57a2d4851a1d" />
  </TestEntries>
  <Results>
    <UnitTestResult executionId="1b8f5b99-e140-4e66-9ddf-5f36fa772b0b" testId="18ae8939-e637-6c1f-550f-fa6650834d96" testName="getTicketByIDTest" computerName="YAOWEN-PC" duration="00:00:02.0860690" startTime="2012-06-14T16:00:34.6223775+08:00" endTime="2012-06-14T16:00:38.2085826+08:00" testType="13cdc9d9-ddb5-4fa4-a97d-d965ccfc6d4b" outcome="Passed" testListId="8c84fa94-04c1-424b-9868-57a2d4851a1d" relativeResultsDirectory="1b8f5b99-e140-4e66-9ddf-5f36fa772b0b">
    </UnitTestResult>
    <UnitTestResult executionId="8ebc1ddd-2527-4e43-b2fe-797b253b63c9" testId="3cbd35f7-7dc5-e0f4-ae17-6e1cb060f3ae" testName="ValidateUserTest" computerName="YAOWEN-PC" duration="00:00:00.1871140" startTime="2012-06-14T16:00:38.2185832+08:00" endTime="2012-06-14T16:00:38.4175946+08:00" testType="13cdc9d9-ddb5-4fa4-a97d-d965ccfc6d4b" outcome="Failed" testListId="8c84fa94-04c1-424b-9868-57a2d4851a1d" relativeResultsDirectory="8ebc1ddd-2527-4e43-b2fe-797b253b63c9">
      <Output>
        <ErrorInfo>
          <Message>Assert.AreEqual 失败。应为: &lt;True&gt;，实际为: &lt;False&gt;。</Message>
          <StackTrace>   在 ticketBookTest.UserSessionTest.ValidateUserTest() 位置 C:\Users\yaowen\Desktop\新建文件夹 (2)\TicketBookWebSite4\ticketBookTest\UserSessionTest.cs:行号 83
</StackTrace>
        </ErrorInfo>
      </Output>
    </UnitTestResult>
    <UnitTestResult executionId="2c4b6396-889e-403a-8981-c3fa112622d3" testId="5ec55872-1f8e-7b8d-b15c-1dc76c5edf4b" testName="changePasswordTest" computerName="YAOWEN-PC" duration="00:00:00.0316768" startTime="2012-06-14T16:00:38.4245950+08:00" endTime="2012-06-14T16:00:38.4665974+08:00" testType="13cdc9d9-ddb5-4fa4-a97d-d965ccfc6d4b" outcome="Failed" testListId="8c84fa94-04c1-424b-9868-57a2d4851a1d" relativeResultsDirectory="2c4b6396-889e-403a-8981-c3fa112622d3">
      <Output>
        <ErrorInfo>
          <Message>Assert.AreEqual 失败。应为: &lt;True&gt;，实际为: &lt;False&gt;。</Message>
          <StackTrace>   在 ticketBookTest.UserSessionTest.changePasswordTest() 位置 C:\Users\yaowen\Desktop\新建文件夹 (2)\TicketBookWebSite4\ticketBookTest\UserSessionTest.cs:行号 101
</StackTrace>
        </ErrorInfo>
      </Output>
    </UnitTestResult>
    <UnitTestResult executionId="3488cd31-6dd6-411c-9831-da45e3f8e0ed" testId="826d7414-51d6-560f-0706-77f4dc95073a" testName="TestMethod2" computerName="YAOWEN-PC" duration="00:00:00.0368416" startTime="2012-06-14T16:00:38.4765979+08:00" endTime="2012-06-14T16:00:38.5246007+08:00" testType="13cdc9d9-ddb5-4fa4-a97d-d965ccfc6d4b" outcome="Failed" testListId="8c84fa94-04c1-424b-9868-57a2d4851a1d" relativeResultsDirectory="3488cd31-6dd6-411c-9831-da45e3f8e0ed">
      <Output>
        <ErrorInfo>
          <Message>Assert.AreEqual 失败。应为: &lt;0.8&gt;，实际为: &lt;0.800000011920929&gt;。</Message>
          <StackTrace>   在 ticketBookTest.UnitTest1.TestMethod2() 位置 C:\Users\yaowen\Desktop\新建文件夹 (2)\TicketBookWebSite4\ticketBookTest\UnitTest1.cs:行号 69
</StackTrace>
        </ErrorInfo>
      </Output>
    </UnitTestResult>
    <UnitTestResult executionId="bf9cf43b-fed6-46e3-ade4-10fed82255c3" testId="4622fdb6-a043-3a48-7e51-745a41ef2914" testName="TestMethod1" computerName="YAOWEN-PC" duration="00:00:00.0074206" startTime="2012-06-14T16:00:38.5316011+08:00" endTime="2012-06-14T16:00:38.5526023+08:00" testType="13cdc9d9-ddb5-4fa4-a97d-d965ccfc6d4b" outcome="Passed" testListId="8c84fa94-04c1-424b-9868-57a2d4851a1d" relativeResultsDirectory="bf9cf43b-fed6-46e3-ade4-10fed82255c3">
    </UnitTestResult>
    <UnitTestResult executionId="1fecb644-7990-441b-983a-20afe20561bd" testId="ec008cdd-b77f-3422-4fe3-3f3ee3035ae3" testName="saveTicketTest" computerName="YAOWEN-PC" duration="00:00:07.6065080" startTime="2012-06-14T16:00:38.5666031+08:00" endTime="2012-06-14T16:00:46.1830387+08:00" testType="13cdc9d9-ddb5-4fa4-a97d-d965ccfc6d4b" outcome="Passed" testListId="8c84fa94-04c1-424b-9868-57a2d4851a1d" relativeResultsDirectory="1fecb644-7990-441b-983a-20afe20561bd">
    </UnitTestResult>
  </Results>
</TestRun>